{"/Users/samjunior/CODE/REACT/bright-events-reactjs/setupTests.js":{"path":"/Users/samjunior/CODE/REACT/bright-events-reactjs/setupTests.js","statementMap":{"0":{"start":{"line":3,"column":0},"end":{"line":3,"column":33}},"1":{"start":{"line":5,"column":0},"end":{"line":5,"column":24}},"2":{"start":{"line":7,"column":13},"end":{"line":7,"column":29}},"3":{"start":{"line":9,"column":14},"end":{"line":9,"column":44}},"4":{"start":{"line":11,"column":26},"end":{"line":11,"column":60}},"5":{"start":{"line":13,"column":27},"end":{"line":13,"column":70}},"6":{"start":{"line":15,"column":14},"end":{"line":15,"column":31}},"7":{"start":{"line":17,"column":39},"end":{"line":17,"column":93}},"8":{"start":{"line":19,"column":0},"end":{"line":19,"column":72}},"9":{"start":{"line":20,"column":0},"end":{"line":20,"column":28}},"10":{"start":{"line":21,"column":0},"end":{"line":23,"column":2}},"11":{"start":{"line":22,"column":2},"end":{"line":22,"column":26}}},"fnMap":{"0":{"name":"_interopRequireDefault","decl":{"start":{"line":17,"column":9},"end":{"line":17,"column":31}},"loc":{"start":{"line":17,"column":37},"end":{"line":17,"column":95}},"line":17},"1":{"name":"(anonymous_1)","decl":{"start":{"line":21,"column":31},"end":{"line":21,"column":32}},"loc":{"start":{"line":21,"column":51},"end":{"line":23,"column":1}},"line":21}},"branchMap":{"0":{"loc":{"start":{"line":17,"column":46},"end":{"line":17,"column":92}},"type":"cond-expr","locations":[{"start":{"line":17,"column":70},"end":{"line":17,"column":73}},{"start":{"line":17,"column":76},"end":{"line":17,"column":92}}],"line":17},"1":{"loc":{"start":{"line":17,"column":46},"end":{"line":17,"column":67}},"type":"binary-expr","locations":[{"start":{"line":17,"column":46},"end":{"line":17,"column":49}},{"start":{"line":17,"column":53},"end":{"line":17,"column":67}}],"line":17}},"s":{"0":1,"1":1,"2":1,"3":1,"4":1,"5":1,"6":1,"7":2,"8":1,"9":1,"10":1,"11":0},"f":{"0":2,"1":0},"b":{"0":[0,2],"1":[2,2]},"_coverageSchema":"332fd63041d2c1bcb487cc26dd0d5f7d97098a6c","hash":"a92f1ab924ec175572647da492de38fed0f14532","contentHash":"bb5f8218b414a04bc3d627d2a06a18ad_11.7.1"},"/Users/samjunior/CODE/REACT/bright-events-reactjs/src/actions/api.actions.js":{"path":"/Users/samjunior/CODE/REACT/bright-events-reactjs/src/actions/api.actions.js","statementMap":{"0":{"start":{"line":3,"column":0},"end":{"line":5,"column":3}},"1":{"start":{"line":6,"column":0},"end":{"line":6,"column":105}},"2":{"start":{"line":8,"column":20},"end":{"line":8,"column":56}},"3":{"start":{"line":10,"column":21},"end":{"line":14,"column":1}},"4":{"start":{"line":11,"column":2},"end":{"line":13,"column":4}},"5":{"start":{"line":16,"column":17},"end":{"line":18,"column":1}},"6":{"start":{"line":17,"column":2},"end":{"line":17,"column":45}},"7":{"start":{"line":20,"column":20},"end":{"line":25,"column":1}},"8":{"start":{"line":21,"column":2},"end":{"line":24,"column":4}},"9":{"start":{"line":27,"column":21},"end":{"line":31,"column":1}},"10":{"start":{"line":28,"column":2},"end":{"line":30,"column":4}}},"fnMap":{"0":{"name":"requestStarted","decl":{"start":{"line":10,"column":55},"end":{"line":10,"column":69}},"loc":{"start":{"line":10,"column":72},"end":{"line":14,"column":1}},"line":10},"1":{"name":"clearError","decl":{"start":{"line":16,"column":47},"end":{"line":16,"column":57}},"loc":{"start":{"line":16,"column":60},"end":{"line":18,"column":1}},"line":16},"2":{"name":"requestFailed","decl":{"start":{"line":20,"column":53},"end":{"line":20,"column":66}},"loc":{"start":{"line":20,"column":74},"end":{"line":25,"column":1}},"line":20},"3":{"name":"requestSuccess","decl":{"start":{"line":27,"column":55},"end":{"line":27,"column":69}},"loc":{"start":{"line":27,"column":72},"end":{"line":31,"column":1}},"line":27}},"branchMap":{},"s":{"0":1,"1":1,"2":1,"3":1,"4":20,"5":1,"6":0,"7":1,"8":13,"9":1,"10":0},"f":{"0":20,"1":0,"2":13,"3":0},"b":{},"_coverageSchema":"332fd63041d2c1bcb487cc26dd0d5f7d97098a6c","hash":"617b591899bb0701d5324b47087dd27f1ffa7385","contentHash":"048c59b241d25b2fcabc8fde6437cace_11.7.1"},"/Users/samjunior/CODE/REACT/bright-events-reactjs/src/constants/action_types.js":{"path":"/Users/samjunior/CODE/REACT/bright-events-reactjs/src/constants/action_types.js","statementMap":{"0":{"start":{"line":3,"column":0},"end":{"line":5,"column":3}},"1":{"start":{"line":6,"column":27},"end":{"line":6,"column":80}},"2":{"start":{"line":7,"column":27},"end":{"line":7,"column":80}},"3":{"start":{"line":8,"column":24},"end":{"line":8,"column":71}},"4":{"start":{"line":11,"column":20},"end":{"line":11,"column":59}},"5":{"start":{"line":12,"column":18},"end":{"line":12,"column":53}},"6":{"start":{"line":13,"column":20},"end":{"line":13,"column":59}},"7":{"start":{"line":16,"column":20},"end":{"line":16,"column":59}},"8":{"start":{"line":18,"column":25},"end":{"line":18,"column":74}},"9":{"start":{"line":19,"column":25},"end":{"line":19,"column":74}},"10":{"start":{"line":20,"column":27},"end":{"line":20,"column":80}},"11":{"start":{"line":21,"column":19},"end":{"line":21,"column":56}},"12":{"start":{"line":22,"column":18},"end":{"line":22,"column":53}},"13":{"start":{"line":23,"column":19},"end":{"line":23,"column":56}},"14":{"start":{"line":24,"column":19},"end":{"line":24,"column":56}},"15":{"start":{"line":26,"column":30},"end":{"line":26,"column":89}},"16":{"start":{"line":28,"column":23},"end":{"line":28,"column":68}},"17":{"start":{"line":30,"column":28},"end":{"line":30,"column":83}},"18":{"start":{"line":32,"column":25},"end":{"line":32,"column":74}},"19":{"start":{"line":34,"column":21},"end":{"line":34,"column":62}},"20":{"start":{"line":35,"column":22},"end":{"line":35,"column":65}},"21":{"start":{"line":37,"column":24},"end":{"line":37,"column":71}},"22":{"start":{"line":39,"column":27},"end":{"line":39,"column":79}},"23":{"start":{"line":40,"column":18},"end":{"line":40,"column":53}},"24":{"start":{"line":41,"column":20},"end":{"line":41,"column":59}},"25":{"start":{"line":42,"column":20},"end":{"line":42,"column":59}},"26":{"start":{"line":44,"column":21},"end":{"line":44,"column":62}},"27":{"start":{"line":45,"column":21},"end":{"line":45,"column":62}},"28":{"start":{"line":47,"column":22},"end":{"line":47,"column":65}},"29":{"start":{"line":48,"column":17},"end":{"line":48,"column":50}},"30":{"start":{"line":49,"column":24},"end":{"line":49,"column":71}},"31":{"start":{"line":50,"column":21},"end":{"line":50,"column":62}},"32":{"start":{"line":52,"column":21},"end":{"line":52,"column":62}},"33":{"start":{"line":53,"column":23},"end":{"line":53,"column":68}},"34":{"start":{"line":54,"column":21},"end":{"line":54,"column":62}}},"fnMap":{},"branchMap":{},"s":{"0":1,"1":1,"2":1,"3":1,"4":1,"5":1,"6":1,"7":1,"8":1,"9":1,"10":1,"11":1,"12":1,"13":1,"14":1,"15":1,"16":1,"17":1,"18":1,"19":1,"20":1,"21":1,"22":1,"23":1,"24":1,"25":1,"26":1,"27":1,"28":1,"29":1,"30":1,"31":1,"32":1,"33":1,"34":1},"f":{},"b":{},"_coverageSchema":"332fd63041d2c1bcb487cc26dd0d5f7d97098a6c","hash":"4d4aee7beb89d24d2503f4b4db98e34a9cb06033","contentHash":"3fc389b87aa26a1ee9c30f84a65fa68c_11.7.1"},"/Users/samjunior/CODE/REACT/bright-events-reactjs/src/actions/barMenu.js":{"path":"/Users/samjunior/CODE/REACT/bright-events-reactjs/src/actions/barMenu.js","statementMap":{"0":{"start":{"line":3,"column":0},"end":{"line":5,"column":3}},"1":{"start":{"line":6,"column":0},"end":{"line":6,"column":31}},"2":{"start":{"line":8,"column":20},"end":{"line":8,"column":56}},"3":{"start":{"line":10,"column":17},"end":{"line":18,"column":1}},"4":{"start":{"line":11,"column":13},"end":{"line":11,"column":85}},"5":{"start":{"line":12,"column":16},"end":{"line":12,"column":28}},"6":{"start":{"line":13,"column":2},"end":{"line":17,"column":4}}},"fnMap":{"0":{"name":"toggleMenu","decl":{"start":{"line":10,"column":47},"end":{"line":10,"column":57}},"loc":{"start":{"line":10,"column":60},"end":{"line":18,"column":1}},"line":10}},"branchMap":{"0":{"loc":{"start":{"line":11,"column":13},"end":{"line":11,"column":85}},"type":"cond-expr","locations":[{"start":{"line":11,"column":66},"end":{"line":11,"column":78}},{"start":{"line":11,"column":81},"end":{"line":11,"column":85}}],"line":11},"1":{"loc":{"start":{"line":11,"column":13},"end":{"line":11,"column":63}},"type":"binary-expr","locations":[{"start":{"line":11,"column":13},"end":{"line":11,"column":33}},{"start":{"line":11,"column":37},"end":{"line":11,"column":63}}],"line":11}},"s":{"0":1,"1":1,"2":1,"3":1,"4":2,"5":2,"6":2},"f":{"0":2},"b":{"0":[2,0],"1":[2,2]},"_coverageSchema":"332fd63041d2c1bcb487cc26dd0d5f7d97098a6c","hash":"2ba3c6c9212e1a39b0d9efd7459bd5040eaf0c31","contentHash":"855e2454a79f01c263ccd2c1bf74c887_11.7.1"},"/Users/samjunior/CODE/REACT/bright-events-reactjs/src/actions/categories.actions.js":{"path":"/Users/samjunior/CODE/REACT/bright-events-reactjs/src/actions/categories.actions.js","statementMap":{"0":{"start":{"line":3,"column":0},"end":{"line":5,"column":3}},"1":{"start":{"line":6,"column":0},"end":{"line":6,"column":36}},"2":{"start":{"line":8,"column":18},"end":{"line":8,"column":50}},"3":{"start":{"line":10,"column":19},"end":{"line":10,"column":54}},"4":{"start":{"line":12,"column":11},"end":{"line":12,"column":35}},"5":{"start":{"line":14,"column":20},"end":{"line":14,"column":56}},"6":{"start":{"line":16,"column":39},"end":{"line":16,"column":93}},"7":{"start":{"line":18,"column":24},"end":{"line":23,"column":1}},"8":{"start":{"line":19,"column":2},"end":{"line":22,"column":4}},"9":{"start":{"line":24,"column":22},"end":{"line":37,"column":1}},"10":{"start":{"line":25,"column":2},"end":{"line":36,"column":4}},"11":{"start":{"line":26,"column":4},"end":{"line":26,"column":41}},"12":{"start":{"line":27,"column":4},"end":{"line":35,"column":7}},"13":{"start":{"line":28,"column":6},"end":{"line":28,"column":55}},"14":{"start":{"line":30,"column":6},"end":{"line":34,"column":7}},"15":{"start":{"line":31,"column":8},"end":{"line":31,"column":60}},"16":{"start":{"line":33,"column":8},"end":{"line":33,"column":49}}},"fnMap":{"0":{"name":"_interopRequireDefault","decl":{"start":{"line":16,"column":9},"end":{"line":16,"column":31}},"loc":{"start":{"line":16,"column":37},"end":{"line":16,"column":95}},"line":16},"1":{"name":"categoriesFetched","decl":{"start":{"line":18,"column":33},"end":{"line":18,"column":50}},"loc":{"start":{"line":18,"column":63},"end":{"line":23,"column":1}},"line":18},"2":{"name":"fetchCategories","decl":{"start":{"line":24,"column":57},"end":{"line":24,"column":72}},"loc":{"start":{"line":24,"column":75},"end":{"line":37,"column":1}},"line":24},"3":{"name":"(anonymous_3)","decl":{"start":{"line":25,"column":9},"end":{"line":25,"column":10}},"loc":{"start":{"line":25,"column":29},"end":{"line":36,"column":3}},"line":25},"4":{"name":"(anonymous_4)","decl":{"start":{"line":27,"column":56},"end":{"line":27,"column":57}},"loc":{"start":{"line":27,"column":76},"end":{"line":29,"column":5}},"line":27},"5":{"name":"(anonymous_5)","decl":{"start":{"line":29,"column":13},"end":{"line":29,"column":14}},"loc":{"start":{"line":29,"column":33},"end":{"line":35,"column":5}},"line":29}},"branchMap":{"0":{"loc":{"start":{"line":16,"column":46},"end":{"line":16,"column":92}},"type":"cond-expr","locations":[{"start":{"line":16,"column":70},"end":{"line":16,"column":73}},{"start":{"line":16,"column":76},"end":{"line":16,"column":92}}],"line":16},"1":{"loc":{"start":{"line":16,"column":46},"end":{"line":16,"column":67}},"type":"binary-expr","locations":[{"start":{"line":16,"column":46},"end":{"line":16,"column":49}},{"start":{"line":16,"column":53},"end":{"line":16,"column":67}}],"line":16}},"s":{"0":1,"1":1,"2":1,"3":1,"4":1,"5":1,"6":1,"7":1,"8":2,"9":1,"10":2,"11":2,"12":2,"13":2,"14":0,"15":0,"16":0},"f":{"0":1,"1":2,"2":2,"3":2,"4":2,"5":0},"b":{"0":[1,0],"1":[1,1]},"_coverageSchema":"332fd63041d2c1bcb487cc26dd0d5f7d97098a6c","hash":"87de74c9c60bd4659f3a3a165aad2354bf0e0a7e","contentHash":"6e08969aa3408552ae463ec474f99da8_11.7.1"},"/Users/samjunior/CODE/REACT/bright-events-reactjs/src/helpers/ApiService.js":{"path":"/Users/samjunior/CODE/REACT/bright-events-reactjs/src/helpers/ApiService.js","statementMap":{"0":{"start":{"line":3,"column":0},"end":{"line":5,"column":3}},"1":{"start":{"line":7,"column":12},"end":{"line":7,"column":40}},"2":{"start":{"line":9,"column":19},"end":{"line":9,"column":43}},"3":{"start":{"line":11,"column":20},"end":{"line":11,"column":56}},"4":{"start":{"line":13,"column":0},"end":{"line":13,"column":28}},"5":{"start":{"line":15,"column":39},"end":{"line":15,"column":93}},"6":{"start":{"line":18,"column":13},"end":{"line":18,"column":83}},"7":{"start":{"line":19,"column":15},"end":{"line":19,"column":89}},"8":{"start":{"line":20,"column":13},"end":{"line":20,"column":86}},"9":{"start":{"line":21,"column":12},"end":{"line":21,"column":24}},"10":{"start":{"line":23,"column":2},"end":{"line":23,"column":64}},"11":{"start":{"line":24,"column":20},"end":{"line":24,"column":47}},"12":{"start":{"line":25,"column":2},"end":{"line":32,"column":18}},"13":{"start":{"line":36,"column":2},"end":{"line":38,"column":3}},"14":{"start":{"line":37,"column":4},"end":{"line":37,"column":44}},"15":{"start":{"line":39,"column":2},"end":{"line":39,"column":41}},"16":{"start":{"line":43,"column":13},"end":{"line":43,"column":83}},"17":{"start":{"line":44,"column":15},"end":{"line":44,"column":89}},"18":{"start":{"line":45,"column":13},"end":{"line":45,"column":86}},"19":{"start":{"line":46,"column":12},"end":{"line":46,"column":24}},"20":{"start":{"line":48,"column":17},"end":{"line":48,"column":31}},"21":{"start":{"line":49,"column":2},"end":{"line":49,"column":43}},"22":{"start":{"line":50,"column":2},"end":{"line":50,"column":108}},"23":{"start":{"line":51,"column":2},"end":{"line":51,"column":54}},"24":{"start":{"line":52,"column":2},"end":{"line":52,"column":51}},"25":{"start":{"line":53,"column":2},"end":{"line":53,"column":49}},"26":{"start":{"line":54,"column":2},"end":{"line":54,"column":45}},"27":{"start":{"line":55,"column":2},"end":{"line":55,"column":37}},"28":{"start":{"line":56,"column":2},"end":{"line":56,"column":39}},"29":{"start":{"line":58,"column":20},"end":{"line":58,"column":47}},"30":{"start":{"line":59,"column":2},"end":{"line":65,"column":18}},"31":{"start":{"line":68,"column":13},"end":{"line":68,"column":83}},"32":{"start":{"line":69,"column":15},"end":{"line":69,"column":88}},"33":{"start":{"line":70,"column":13},"end":{"line":70,"column":86}},"34":{"start":{"line":71,"column":12},"end":{"line":71,"column":24}},"35":{"start":{"line":73,"column":2},"end":{"line":73,"column":37}},"36":{"start":{"line":75,"column":17},"end":{"line":75,"column":31}},"37":{"start":{"line":76,"column":2},"end":{"line":76,"column":43}},"38":{"start":{"line":77,"column":2},"end":{"line":77,"column":39}},"39":{"start":{"line":78,"column":2},"end":{"line":78,"column":45}},"40":{"start":{"line":79,"column":2},"end":{"line":79,"column":51}},"41":{"start":{"line":80,"column":2},"end":{"line":80,"column":49}},"42":{"start":{"line":81,"column":2},"end":{"line":81,"column":45}},"43":{"start":{"line":82,"column":2},"end":{"line":82,"column":37}},"44":{"start":{"line":83,"column":2},"end":{"line":83,"column":39}},"45":{"start":{"line":85,"column":20},"end":{"line":85,"column":47}},"46":{"start":{"line":86,"column":2},"end":{"line":92,"column":18}},"47":{"start":{"line":95,"column":0},"end":{"line":145,"column":2}},"48":{"start":{"line":98,"column":6},"end":{"line":98,"column":62}},"49":{"start":{"line":101,"column":6},"end":{"line":101,"column":24}},"50":{"start":{"line":104,"column":6},"end":{"line":104,"column":68}},"51":{"start":{"line":107,"column":6},"end":{"line":107,"column":67}},"52":{"start":{"line":110,"column":6},"end":{"line":110,"column":71}},"53":{"start":{"line":115,"column":6},"end":{"line":115,"column":79}},"54":{"start":{"line":118,"column":6},"end":{"line":118,"column":56}},"55":{"start":{"line":121,"column":6},"end":{"line":121,"column":60}},"56":{"start":{"line":124,"column":6},"end":{"line":124,"column":83}},"57":{"start":{"line":127,"column":6},"end":{"line":127,"column":64}},"58":{"start":{"line":130,"column":6},"end":{"line":130,"column":66}},"59":{"start":{"line":133,"column":6},"end":{"line":133,"column":69}},"60":{"start":{"line":136,"column":6},"end":{"line":136,"column":81}},"61":{"start":{"line":142,"column":6},"end":{"line":142,"column":57}}},"fnMap":{"0":{"name":"_interopRequireDefault","decl":{"start":{"line":15,"column":9},"end":{"line":15,"column":31}},"loc":{"start":{"line":15,"column":37},"end":{"line":15,"column":95}},"line":15},"1":{"name":"send","decl":{"start":{"line":17,"column":9},"end":{"line":17,"column":13}},"loc":{"start":{"line":17,"column":16},"end":{"line":33,"column":1}},"line":17},"2":{"name":"status","decl":{"start":{"line":35,"column":9},"end":{"line":35,"column":15}},"loc":{"start":{"line":35,"column":26},"end":{"line":40,"column":1}},"line":35},"3":{"name":"_save","decl":{"start":{"line":42,"column":9},"end":{"line":42,"column":14}},"loc":{"start":{"line":42,"column":17},"end":{"line":66,"column":1}},"line":42},"4":{"name":"_update","decl":{"start":{"line":67,"column":9},"end":{"line":67,"column":16}},"loc":{"start":{"line":67,"column":19},"end":{"line":93,"column":1}},"line":67},"5":{"name":"login","decl":{"start":{"line":97,"column":20},"end":{"line":97,"column":25}},"loc":{"start":{"line":97,"column":39},"end":{"line":99,"column":5}},"line":97},"6":{"name":"signup","decl":{"start":{"line":100,"column":21},"end":{"line":100,"column":27}},"loc":{"start":{"line":100,"column":34},"end":{"line":102,"column":5}},"line":100},"7":{"name":"sendEmail","decl":{"start":{"line":103,"column":24},"end":{"line":103,"column":33}},"loc":{"start":{"line":103,"column":41},"end":{"line":105,"column":5}},"line":103},"8":{"name":"verifyReset","decl":{"start":{"line":106,"column":26},"end":{"line":106,"column":37}},"loc":{"start":{"line":106,"column":45},"end":{"line":108,"column":5}},"line":106},"9":{"name":"changePassword","decl":{"start":{"line":109,"column":29},"end":{"line":109,"column":43}},"loc":{"start":{"line":109,"column":57},"end":{"line":111,"column":5}},"line":109},"10":{"name":"guests","decl":{"start":{"line":114,"column":21},"end":{"line":114,"column":27}},"loc":{"start":{"line":114,"column":37},"end":{"line":116,"column":5}},"line":114},"11":{"name":"save","decl":{"start":{"line":117,"column":19},"end":{"line":117,"column":23}},"loc":{"start":{"line":117,"column":30},"end":{"line":119,"column":5}},"line":117},"12":{"name":"_delete","decl":{"start":{"line":120,"column":21},"end":{"line":120,"column":28}},"loc":{"start":{"line":120,"column":33},"end":{"line":122,"column":5}},"line":120},"13":{"name":"rsvp","decl":{"start":{"line":123,"column":19},"end":{"line":123,"column":23}},"loc":{"start":{"line":123,"column":30},"end":{"line":125,"column":5}},"line":123},"14":{"name":"reports","decl":{"start":{"line":126,"column":22},"end":{"line":126,"column":29}},"loc":{"start":{"line":126,"column":32},"end":{"line":128,"column":5}},"line":126},"15":{"name":"myEvents","decl":{"start":{"line":129,"column":23},"end":{"line":129,"column":31}},"loc":{"start":{"line":129,"column":34},"end":{"line":131,"column":5}},"line":129},"16":{"name":"update","decl":{"start":{"line":132,"column":21},"end":{"line":132,"column":27}},"loc":{"start":{"line":132,"column":35},"end":{"line":134,"column":5}},"line":132},"17":{"name":"search","decl":{"start":{"line":135,"column":21},"end":{"line":135,"column":27}},"loc":{"start":{"line":135,"column":41},"end":{"line":137,"column":5}},"line":135},"18":{"name":"fetch","decl":{"start":{"line":141,"column":20},"end":{"line":141,"column":25}},"loc":{"start":{"line":141,"column":28},"end":{"line":143,"column":5}},"line":141}},"branchMap":{"0":{"loc":{"start":{"line":15,"column":46},"end":{"line":15,"column":92}},"type":"cond-expr","locations":[{"start":{"line":15,"column":70},"end":{"line":15,"column":73}},{"start":{"line":15,"column":76},"end":{"line":15,"column":92}}],"line":15},"1":{"loc":{"start":{"line":15,"column":46},"end":{"line":15,"column":67}},"type":"binary-expr","locations":[{"start":{"line":15,"column":46},"end":{"line":15,"column":49}},{"start":{"line":15,"column":53},"end":{"line":15,"column":67}}],"line":15},"2":{"loc":{"start":{"line":18,"column":13},"end":{"line":18,"column":83}},"type":"cond-expr","locations":[{"start":{"line":18,"column":66},"end":{"line":18,"column":78}},{"start":{"line":18,"column":81},"end":{"line":18,"column":83}}],"line":18},"3":{"loc":{"start":{"line":18,"column":13},"end":{"line":18,"column":63}},"type":"binary-expr","locations":[{"start":{"line":18,"column":13},"end":{"line":18,"column":33}},{"start":{"line":18,"column":37},"end":{"line":18,"column":63}}],"line":18},"4":{"loc":{"start":{"line":19,"column":15},"end":{"line":19,"column":89}},"type":"cond-expr","locations":[{"start":{"line":19,"column":68},"end":{"line":19,"column":80}},{"start":{"line":19,"column":83},"end":{"line":19,"column":89}}],"line":19},"5":{"loc":{"start":{"line":19,"column":15},"end":{"line":19,"column":65}},"type":"binary-expr","locations":[{"start":{"line":19,"column":15},"end":{"line":19,"column":35}},{"start":{"line":19,"column":39},"end":{"line":19,"column":65}}],"line":19},"6":{"loc":{"start":{"line":20,"column":13},"end":{"line":20,"column":86}},"type":"cond-expr","locations":[{"start":{"line":20,"column":66},"end":{"line":20,"column":78}},{"start":{"line":20,"column":81},"end":{"line":20,"column":86}}],"line":20},"7":{"loc":{"start":{"line":20,"column":13},"end":{"line":20,"column":63}},"type":"binary-expr","locations":[{"start":{"line":20,"column":13},"end":{"line":20,"column":33}},{"start":{"line":20,"column":37},"end":{"line":20,"column":63}}],"line":20},"8":{"loc":{"start":{"line":29,"column":21},"end":{"line":29,"column":69}},"type":"cond-expr","locations":[{"start":{"line":29,"column":28},"end":{"line":29,"column":62}},{"start":{"line":29,"column":65},"end":{"line":29,"column":69}}],"line":29},"9":{"loc":{"start":{"line":31,"column":10},"end":{"line":31,"column":57}},"type":"cond-expr","locations":[{"start":{"line":31,"column":30},"end":{"line":31,"column":50}},{"start":{"line":31,"column":53},"end":{"line":31,"column":57}}],"line":31},"10":{"loc":{"start":{"line":36,"column":2},"end":{"line":38,"column":3}},"type":"if","locations":[{"start":{"line":36,"column":2},"end":{"line":38,"column":3}},{"start":{"line":36,"column":2},"end":{"line":38,"column":3}}],"line":36},"11":{"loc":{"start":{"line":36,"column":6},"end":{"line":36,"column":53}},"type":"binary-expr","locations":[{"start":{"line":36,"column":6},"end":{"line":36,"column":28}},{"start":{"line":36,"column":32},"end":{"line":36,"column":53}}],"line":36},"12":{"loc":{"start":{"line":43,"column":13},"end":{"line":43,"column":83}},"type":"cond-expr","locations":[{"start":{"line":43,"column":66},"end":{"line":43,"column":78}},{"start":{"line":43,"column":81},"end":{"line":43,"column":83}}],"line":43},"13":{"loc":{"start":{"line":43,"column":13},"end":{"line":43,"column":63}},"type":"binary-expr","locations":[{"start":{"line":43,"column":13},"end":{"line":43,"column":33}},{"start":{"line":43,"column":37},"end":{"line":43,"column":63}}],"line":43},"14":{"loc":{"start":{"line":44,"column":15},"end":{"line":44,"column":89}},"type":"cond-expr","locations":[{"start":{"line":44,"column":68},"end":{"line":44,"column":80}},{"start":{"line":44,"column":83},"end":{"line":44,"column":89}}],"line":44},"15":{"loc":{"start":{"line":44,"column":15},"end":{"line":44,"column":65}},"type":"binary-expr","locations":[{"start":{"line":44,"column":15},"end":{"line":44,"column":35}},{"start":{"line":44,"column":39},"end":{"line":44,"column":65}}],"line":44},"16":{"loc":{"start":{"line":45,"column":13},"end":{"line":45,"column":86}},"type":"cond-expr","locations":[{"start":{"line":45,"column":66},"end":{"line":45,"column":78}},{"start":{"line":45,"column":81},"end":{"line":45,"column":86}}],"line":45},"17":{"loc":{"start":{"line":45,"column":13},"end":{"line":45,"column":63}},"type":"binary-expr","locations":[{"start":{"line":45,"column":13},"end":{"line":45,"column":33}},{"start":{"line":45,"column":37},"end":{"line":45,"column":63}}],"line":45},"18":{"loc":{"start":{"line":50,"column":2},"end":{"line":50,"column":107}},"type":"cond-expr","locations":[{"start":{"line":50,"column":24},"end":{"line":50,"column":102}},{"start":{"line":50,"column":105},"end":{"line":50,"column":107}}],"line":50},"19":{"loc":{"start":{"line":62,"column":21},"end":{"line":62,"column":69}},"type":"cond-expr","locations":[{"start":{"line":62,"column":28},"end":{"line":62,"column":62}},{"start":{"line":62,"column":65},"end":{"line":62,"column":69}}],"line":62},"20":{"loc":{"start":{"line":68,"column":13},"end":{"line":68,"column":83}},"type":"cond-expr","locations":[{"start":{"line":68,"column":66},"end":{"line":68,"column":78}},{"start":{"line":68,"column":81},"end":{"line":68,"column":83}}],"line":68},"21":{"loc":{"start":{"line":68,"column":13},"end":{"line":68,"column":63}},"type":"binary-expr","locations":[{"start":{"line":68,"column":13},"end":{"line":68,"column":33}},{"start":{"line":68,"column":37},"end":{"line":68,"column":63}}],"line":68},"22":{"loc":{"start":{"line":69,"column":15},"end":{"line":69,"column":88}},"type":"cond-expr","locations":[{"start":{"line":69,"column":68},"end":{"line":69,"column":80}},{"start":{"line":69,"column":83},"end":{"line":69,"column":88}}],"line":69},"23":{"loc":{"start":{"line":69,"column":15},"end":{"line":69,"column":65}},"type":"binary-expr","locations":[{"start":{"line":69,"column":15},"end":{"line":69,"column":35}},{"start":{"line":69,"column":39},"end":{"line":69,"column":65}}],"line":69},"24":{"loc":{"start":{"line":70,"column":13},"end":{"line":70,"column":86}},"type":"cond-expr","locations":[{"start":{"line":70,"column":66},"end":{"line":70,"column":78}},{"start":{"line":70,"column":81},"end":{"line":70,"column":86}}],"line":70},"25":{"loc":{"start":{"line":70,"column":13},"end":{"line":70,"column":63}},"type":"binary-expr","locations":[{"start":{"line":70,"column":13},"end":{"line":70,"column":33}},{"start":{"line":70,"column":37},"end":{"line":70,"column":63}}],"line":70},"26":{"loc":{"start":{"line":89,"column":21},"end":{"line":89,"column":69}},"type":"cond-expr","locations":[{"start":{"line":89,"column":28},"end":{"line":89,"column":62}},{"start":{"line":89,"column":65},"end":{"line":89,"column":69}}],"line":89}},"s":{"0":1,"1":1,"2":1,"3":1,"4":1,"5":1,"6":17,"7":17,"8":17,"9":17,"10":17,"11":17,"12":17,"13":16,"14":15,"15":1,"16":1,"17":1,"18":1,"19":1,"20":1,"21":1,"22":1,"23":1,"24":1,"25":1,"26":1,"27":1,"28":1,"29":1,"30":1,"31":2,"32":2,"33":2,"34":2,"35":2,"36":2,"37":2,"38":2,"39":2,"40":2,"41":2,"42":2,"43":2,"44":2,"45":2,"46":2,"47":1,"48":4,"49":0,"50":0,"51":0,"52":0,"53":1,"54":1,"55":5,"56":1,"57":1,"58":3,"59":2,"60":0,"61":2},"f":{"0":1,"1":17,"2":16,"3":1,"4":2,"5":4,"6":0,"7":0,"8":0,"9":0,"10":1,"11":1,"12":5,"13":1,"14":1,"15":3,"16":2,"17":0,"18":2},"b":{"0":[1,0],"1":[1,1],"2":[17,0],"3":[17,17],"4":[17,0],"5":[17,17],"6":[17,0],"7":[17,17],"8":[11,6],"9":[5,12],"10":[15,1],"11":[16,16],"12":[1,0],"13":[1,1],"14":[1,0],"15":[1,1],"16":[1,0],"17":[1,1],"18":[0,1],"19":[1,0],"20":[2,0],"21":[2,2],"22":[2,0],"23":[2,2],"24":[2,0],"25":[2,2],"26":[2,0]},"_coverageSchema":"332fd63041d2c1bcb487cc26dd0d5f7d97098a6c","hash":"7240d0206e195ff6eabae53435be2edd6ca376d6","contentHash":"4f9277fb6ab0f4356d9fc1e46b31183e_11.7.1"},"/Users/samjunior/CODE/REACT/bright-events-reactjs/src/constants/urls.js":{"path":"/Users/samjunior/CODE/REACT/bright-events-reactjs/src/constants/urls.js","statementMap":{"0":{"start":{"line":3,"column":0},"end":{"line":5,"column":3}},"1":{"start":{"line":6,"column":15},"end":{"line":6,"column":77}},"2":{"start":{"line":9,"column":15},"end":{"line":9,"column":58}},"3":{"start":{"line":10,"column":16},"end":{"line":10,"column":57}},"4":{"start":{"line":11,"column":20},"end":{"line":11,"column":75}},"5":{"start":{"line":12,"column":21},"end":{"line":12,"column":70}},"6":{"start":{"line":13,"column":16},"end":{"line":13,"column":60}},"7":{"start":{"line":14,"column":17},"end":{"line":14,"column":79}},"8":{"start":{"line":15,"column":17},"end":{"line":15,"column":71}},"9":{"start":{"line":19,"column":18},"end":{"line":19,"column":67}}},"fnMap":{},"branchMap":{},"s":{"0":1,"1":1,"2":1,"3":1,"4":1,"5":1,"6":1,"7":1,"8":1,"9":1},"f":{},"b":{},"_coverageSchema":"332fd63041d2c1bcb487cc26dd0d5f7d97098a6c","hash":"dca31154d5c9cd060a2078122f2be89309efbecf","contentHash":"f2a525c0009a6f84a5f2590a2e4e6bc2_11.7.1"},"/Users/samjunior/CODE/REACT/bright-events-reactjs/src/helpers/AuthService.js":{"path":"/Users/samjunior/CODE/REACT/bright-events-reactjs/src/helpers/AuthService.js","statementMap":{"0":{"start":{"line":3,"column":0},"end":{"line":5,"column":3}},"1":{"start":{"line":7,"column":19},"end":{"line":7,"column":563}},"2":{"start":{"line":7,"column":76},"end":{"line":7,"column":347}},"3":{"start":{"line":7,"column":134},"end":{"line":7,"column":142}},"4":{"start":{"line":7,"column":144},"end":{"line":7,"column":199}},"5":{"start":{"line":7,"column":200},"end":{"line":7,"column":231}},"6":{"start":{"line":7,"column":232},"end":{"line":7,"column":286}},"7":{"start":{"line":7,"column":259},"end":{"line":7,"column":286}},"8":{"start":{"line":7,"column":287},"end":{"line":7,"column":345}},"9":{"start":{"line":7,"column":350},"end":{"line":7,"column":559}},"10":{"start":{"line":7,"column":407},"end":{"line":7,"column":475}},"11":{"start":{"line":7,"column":423},"end":{"line":7,"column":475}},"12":{"start":{"line":7,"column":476},"end":{"line":7,"column":536}},"13":{"start":{"line":7,"column":493},"end":{"line":7,"column":536}},"14":{"start":{"line":7,"column":537},"end":{"line":7,"column":556}},"15":{"start":{"line":9,"column":17},"end":{"line":9,"column":38}},"16":{"start":{"line":11,"column":18},"end":{"line":11,"column":52}},"17":{"start":{"line":13,"column":39},"end":{"line":13,"column":93}},"18":{"start":{"line":15,"column":50},"end":{"line":15,"column":151}},"19":{"start":{"line":15,"column":92},"end":{"line":15,"column":149}},"20":{"start":{"line":17,"column":18},"end":{"line":69,"column":3}},"21":{"start":{"line":19,"column":4},"end":{"line":19,"column":39}},"22":{"start":{"line":22,"column":2},"end":{"line":66,"column":6}},"23":{"start":{"line":25,"column":18},"end":{"line":25,"column":33}},"24":{"start":{"line":26,"column":6},"end":{"line":26,"column":52}},"25":{"start":{"line":31,"column":6},"end":{"line":31,"column":39}},"26":{"start":{"line":32,"column":6},"end":{"line":32,"column":39}},"27":{"start":{"line":37,"column":6},"end":{"line":37,"column":55}},"28":{"start":{"line":42,"column":6},"end":{"line":42,"column":43}},"29":{"start":{"line":47,"column":6},"end":{"line":49,"column":7}},"30":{"start":{"line":48,"column":8},"end":{"line":48,"column":34}},"31":{"start":{"line":51,"column":6},"end":{"line":51,"column":18}},"32":{"start":{"line":56,"column":6},"end":{"line":64,"column":7}},"33":{"start":{"line":57,"column":22},"end":{"line":57,"column":53}},"34":{"start":{"line":58,"column":8},"end":{"line":60,"column":9}},"35":{"start":{"line":59,"column":10},"end":{"line":59,"column":22}},"36":{"start":{"line":61,"column":8},"end":{"line":61,"column":21}},"37":{"start":{"line":63,"column":8},"end":{"line":63,"column":21}},"38":{"start":{"line":68,"column":2},"end":{"line":68,"column":21}},"39":{"start":{"line":71,"column":0},"end":{"line":71,"column":30}}},"fnMap":{"0":{"name":"(anonymous_0)","decl":{"start":{"line":7,"column":19},"end":{"line":7,"column":20}},"loc":{"start":{"line":7,"column":31},"end":{"line":7,"column":561}},"line":7},"1":{"name":"defineProperties","decl":{"start":{"line":7,"column":42},"end":{"line":7,"column":58}},"loc":{"start":{"line":7,"column":74},"end":{"line":7,"column":349}},"line":7},"2":{"name":"(anonymous_2)","decl":{"start":{"line":7,"column":357},"end":{"line":7,"column":358}},"loc":{"start":{"line":7,"column":405},"end":{"line":7,"column":558}},"line":7},"3":{"name":"_interopRequireDefault","decl":{"start":{"line":13,"column":9},"end":{"line":13,"column":31}},"loc":{"start":{"line":13,"column":37},"end":{"line":13,"column":95}},"line":13},"4":{"name":"_classCallCheck","decl":{"start":{"line":15,"column":9},"end":{"line":15,"column":24}},"loc":{"start":{"line":15,"column":48},"end":{"line":15,"column":153}},"line":15},"5":{"name":"(anonymous_5)","decl":{"start":{"line":17,"column":18},"end":{"line":17,"column":19}},"loc":{"start":{"line":17,"column":30},"end":{"line":69,"column":1}},"line":17},"6":{"name":"AuthService","decl":{"start":{"line":18,"column":11},"end":{"line":18,"column":22}},"loc":{"start":{"line":18,"column":25},"end":{"line":20,"column":3}},"line":18},"7":{"name":"loggedIn","decl":{"start":{"line":24,"column":20},"end":{"line":24,"column":28}},"loc":{"start":{"line":24,"column":31},"end":{"line":27,"column":5}},"line":24},"8":{"name":"logout","decl":{"start":{"line":30,"column":20},"end":{"line":30,"column":26}},"loc":{"start":{"line":30,"column":29},"end":{"line":33,"column":5}},"line":30},"9":{"name":"getUser","decl":{"start":{"line":36,"column":20},"end":{"line":36,"column":27}},"loc":{"start":{"line":36,"column":30},"end":{"line":38,"column":5}},"line":36},"10":{"name":"getToken","decl":{"start":{"line":41,"column":20},"end":{"line":41,"column":28}},"loc":{"start":{"line":41,"column":31},"end":{"line":43,"column":5}},"line":41},"11":{"name":"currentUserId","decl":{"start":{"line":46,"column":20},"end":{"line":46,"column":33}},"loc":{"start":{"line":46,"column":36},"end":{"line":52,"column":5}},"line":46},"12":{"name":"isTokenExpired","decl":{"start":{"line":55,"column":20},"end":{"line":55,"column":34}},"loc":{"start":{"line":55,"column":42},"end":{"line":65,"column":5}},"line":55}},"branchMap":{"0":{"loc":{"start":{"line":7,"column":168},"end":{"line":7,"column":198}},"type":"binary-expr","locations":[{"start":{"line":7,"column":168},"end":{"line":7,"column":189}},{"start":{"line":7,"column":193},"end":{"line":7,"column":198}}],"line":7},"1":{"loc":{"start":{"line":7,"column":232},"end":{"line":7,"column":286}},"type":"if","locations":[{"start":{"line":7,"column":232},"end":{"line":7,"column":286}},{"start":{"line":7,"column":232},"end":{"line":7,"column":286}}],"line":7},"2":{"loc":{"start":{"line":7,"column":407},"end":{"line":7,"column":475}},"type":"if","locations":[{"start":{"line":7,"column":407},"end":{"line":7,"column":475}},{"start":{"line":7,"column":407},"end":{"line":7,"column":475}}],"line":7},"3":{"loc":{"start":{"line":7,"column":476},"end":{"line":7,"column":536}},"type":"if","locations":[{"start":{"line":7,"column":476},"end":{"line":7,"column":536}},{"start":{"line":7,"column":476},"end":{"line":7,"column":536}}],"line":7},"4":{"loc":{"start":{"line":13,"column":46},"end":{"line":13,"column":92}},"type":"cond-expr","locations":[{"start":{"line":13,"column":70},"end":{"line":13,"column":73}},{"start":{"line":13,"column":76},"end":{"line":13,"column":92}}],"line":13},"5":{"loc":{"start":{"line":13,"column":46},"end":{"line":13,"column":67}},"type":"binary-expr","locations":[{"start":{"line":13,"column":46},"end":{"line":13,"column":49}},{"start":{"line":13,"column":53},"end":{"line":13,"column":67}}],"line":13},"6":{"loc":{"start":{"line":15,"column":50},"end":{"line":15,"column":151}},"type":"if","locations":[{"start":{"line":15,"column":50},"end":{"line":15,"column":151}},{"start":{"line":15,"column":50},"end":{"line":15,"column":151}}],"line":15},"7":{"loc":{"start":{"line":26,"column":13},"end":{"line":26,"column":51}},"type":"binary-expr","locations":[{"start":{"line":26,"column":13},"end":{"line":26,"column":20}},{"start":{"line":26,"column":24},"end":{"line":26,"column":51}}],"line":26},"8":{"loc":{"start":{"line":47,"column":6},"end":{"line":49,"column":7}},"type":"if","locations":[{"start":{"line":47,"column":6},"end":{"line":49,"column":7}},{"start":{"line":47,"column":6},"end":{"line":49,"column":7}}],"line":47},"9":{"loc":{"start":{"line":58,"column":8},"end":{"line":60,"column":9}},"type":"if","locations":[{"start":{"line":58,"column":8},"end":{"line":60,"column":9}},{"start":{"line":58,"column":8},"end":{"line":60,"column":9}}],"line":58}},"s":{"0":1,"1":1,"2":1,"3":6,"4":6,"5":6,"6":6,"7":6,"8":6,"9":1,"10":1,"11":1,"12":1,"13":0,"14":1,"15":1,"16":1,"17":1,"18":24,"19":0,"20":1,"21":24,"22":1,"23":5,"24":5,"25":1,"26":1,"27":2,"28":21,"29":0,"30":0,"31":0,"32":4,"33":4,"34":2,"35":0,"36":2,"37":2,"38":1,"39":1},"f":{"0":1,"1":1,"2":1,"3":1,"4":24,"5":1,"6":24,"7":5,"8":1,"9":2,"10":21,"11":0,"12":4},"b":{"0":[6,6],"1":[6,0],"2":[1,0],"3":[0,1],"4":[0,1],"5":[1,1],"6":[0,24],"7":[5,4],"8":[0,0],"9":[0,2]},"_coverageSchema":"332fd63041d2c1bcb487cc26dd0d5f7d97098a6c","hash":"dfb5b90483b3b711a3c12d65cfe50abb76696f37","contentHash":"2610b9708cd7abacd3d3b12826ad376b_11.7.1"},"/Users/samjunior/CODE/REACT/bright-events-reactjs/src/actions/confirmationDialogs.actions.js":{"path":"/Users/samjunior/CODE/REACT/bright-events-reactjs/src/actions/confirmationDialogs.actions.js","statementMap":{"0":{"start":{"line":3,"column":0},"end":{"line":5,"column":3}},"1":{"start":{"line":6,"column":0},"end":{"line":6,"column":33}},"2":{"start":{"line":8,"column":20},"end":{"line":8,"column":56}},"3":{"start":{"line":10,"column":19},"end":{"line":16,"column":1}},"4":{"start":{"line":11,"column":13},"end":{"line":11,"column":85}},"5":{"start":{"line":12,"column":2},"end":{"line":15,"column":4}}},"fnMap":{"0":{"name":"toggleDialog","decl":{"start":{"line":10,"column":51},"end":{"line":10,"column":63}},"loc":{"start":{"line":10,"column":66},"end":{"line":16,"column":1}},"line":10}},"branchMap":{"0":{"loc":{"start":{"line":11,"column":13},"end":{"line":11,"column":85}},"type":"cond-expr","locations":[{"start":{"line":11,"column":66},"end":{"line":11,"column":78}},{"start":{"line":11,"column":81},"end":{"line":11,"column":85}}],"line":11},"1":{"loc":{"start":{"line":11,"column":13},"end":{"line":11,"column":63}},"type":"binary-expr","locations":[{"start":{"line":11,"column":13},"end":{"line":11,"column":33}},{"start":{"line":11,"column":37},"end":{"line":11,"column":63}}],"line":11}},"s":{"0":1,"1":1,"2":1,"3":1,"4":1,"5":1},"f":{"0":1},"b":{"0":[1,0],"1":[1,1]},"_coverageSchema":"332fd63041d2c1bcb487cc26dd0d5f7d97098a6c","hash":"207e33be0bf7e07c8e436105b20f8b8eca2ddb9d","contentHash":"98fb39a19e80d6c65765d5863d7eb0cb_11.7.1"},"/Users/samjunior/CODE/REACT/bright-events-reactjs/src/actions/drawer.js":{"path":"/Users/samjunior/CODE/REACT/bright-events-reactjs/src/actions/drawer.js","statementMap":{"0":{"start":{"line":3,"column":0},"end":{"line":5,"column":3}},"1":{"start":{"line":6,"column":0},"end":{"line":6,"column":33}},"2":{"start":{"line":8,"column":20},"end":{"line":8,"column":56}},"3":{"start":{"line":10,"column":19},"end":{"line":16,"column":1}},"4":{"start":{"line":11,"column":13},"end":{"line":11,"column":85}},"5":{"start":{"line":12,"column":2},"end":{"line":15,"column":4}}},"fnMap":{"0":{"name":"toggleDrawer","decl":{"start":{"line":10,"column":51},"end":{"line":10,"column":63}},"loc":{"start":{"line":10,"column":66},"end":{"line":16,"column":1}},"line":10}},"branchMap":{"0":{"loc":{"start":{"line":11,"column":13},"end":{"line":11,"column":85}},"type":"cond-expr","locations":[{"start":{"line":11,"column":66},"end":{"line":11,"column":78}},{"start":{"line":11,"column":81},"end":{"line":11,"column":85}}],"line":11},"1":{"loc":{"start":{"line":11,"column":13},"end":{"line":11,"column":63}},"type":"binary-expr","locations":[{"start":{"line":11,"column":13},"end":{"line":11,"column":33}},{"start":{"line":11,"column":37},"end":{"line":11,"column":63}}],"line":11}},"s":{"0":1,"1":1,"2":1,"3":1,"4":1,"5":1},"f":{"0":1},"b":{"0":[1,0],"1":[1,1]},"_coverageSchema":"332fd63041d2c1bcb487cc26dd0d5f7d97098a6c","hash":"8ea67cdfc30342cf41f1d0b042783275506d0b54","contentHash":"f763430afa1654cce860ea5d938019c2_11.7.1"},"/Users/samjunior/CODE/REACT/bright-events-reactjs/src/actions/events.js":{"path":"/Users/samjunior/CODE/REACT/bright-events-reactjs/src/actions/events.js","statementMap":{"0":{"start":{"line":3,"column":0},"end":{"line":5,"column":3}},"1":{"start":{"line":6,"column":0},"end":{"line":6,"column":267}},"2":{"start":{"line":8,"column":20},"end":{"line":8,"column":56}},"3":{"start":{"line":10,"column":0},"end":{"line":10,"column":28}},"4":{"start":{"line":12,"column":11},"end":{"line":12,"column":35}},"5":{"start":{"line":14,"column":18},"end":{"line":14,"column":50}},"6":{"start":{"line":16,"column":19},"end":{"line":16,"column":54}},"7":{"start":{"line":18,"column":11},"end":{"line":18,"column":35}},"8":{"start":{"line":20,"column":18},"end":{"line":20,"column":50}},"9":{"start":{"line":22,"column":19},"end":{"line":22,"column":54}},"10":{"start":{"line":24,"column":19},"end":{"line":24,"column":52}},"11":{"start":{"line":26,"column":20},"end":{"line":26,"column":56}},"12":{"start":{"line":28,"column":12},"end":{"line":28,"column":40}},"13":{"start":{"line":30,"column":14},"end":{"line":30,"column":40}},"14":{"start":{"line":32,"column":15},"end":{"line":32,"column":44}},"15":{"start":{"line":34,"column":16},"end":{"line":34,"column":48}},"16":{"start":{"line":36,"column":17},"end":{"line":36,"column":47}},"17":{"start":{"line":38,"column":39},"end":{"line":38,"column":93}},"18":{"start":{"line":40,"column":17},"end":{"line":44,"column":1}},"19":{"start":{"line":41,"column":2},"end":{"line":43,"column":4}},"20":{"start":{"line":46,"column":30},"end":{"line":51,"column":1}},"21":{"start":{"line":47,"column":2},"end":{"line":50,"column":4}},"22":{"start":{"line":53,"column":20},"end":{"line":59,"column":1}},"23":{"start":{"line":54,"column":2},"end":{"line":58,"column":4}},"24":{"start":{"line":60,"column":25},"end":{"line":65,"column":1}},"25":{"start":{"line":61,"column":2},"end":{"line":64,"column":4}},"26":{"start":{"line":66,"column":18},"end":{"line":70,"column":1}},"27":{"start":{"line":67,"column":2},"end":{"line":69,"column":4}},"28":{"start":{"line":72,"column":18},"end":{"line":76,"column":1}},"29":{"start":{"line":73,"column":2},"end":{"line":75,"column":4}},"30":{"start":{"line":78,"column":17},"end":{"line":83,"column":1}},"31":{"start":{"line":79,"column":2},"end":{"line":82,"column":4}},"32":{"start":{"line":85,"column":18},"end":{"line":97,"column":1}},"33":{"start":{"line":86,"column":2},"end":{"line":96,"column":4}},"34":{"start":{"line":87,"column":4},"end":{"line":87,"column":41}},"35":{"start":{"line":88,"column":4},"end":{"line":95,"column":7}},"36":{"start":{"line":89,"column":6},"end":{"line":89,"column":29}},"37":{"start":{"line":91,"column":6},"end":{"line":91,"column":43}},"38":{"start":{"line":92,"column":6},"end":{"line":92,"column":59}},"39":{"start":{"line":94,"column":6},"end":{"line":94,"column":55}},"40":{"start":{"line":99,"column":23},"end":{"line":109,"column":1}},"41":{"start":{"line":100,"column":2},"end":{"line":108,"column":5}},"42":{"start":{"line":101,"column":32},"end":{"line":101,"column":65}},"43":{"start":{"line":102,"column":14},"end":{"line":102,"column":39}},"44":{"start":{"line":103,"column":14},"end":{"line":103,"column":39}},"45":{"start":{"line":105,"column":4},"end":{"line":105,"column":34}},"46":{"start":{"line":107,"column":4},"end":{"line":107,"column":47}},"47":{"start":{"line":111,"column":15},"end":{"line":126,"column":1}},"48":{"start":{"line":112,"column":2},"end":{"line":125,"column":4}},"49":{"start":{"line":113,"column":4},"end":{"line":113,"column":41}},"50":{"start":{"line":114,"column":4},"end":{"line":124,"column":7}},"51":{"start":{"line":115,"column":6},"end":{"line":115,"column":57}},"52":{"start":{"line":117,"column":6},"end":{"line":123,"column":7}},"53":{"start":{"line":118,"column":8},"end":{"line":120,"column":11}},"54":{"start":{"line":119,"column":10},"end":{"line":119,"column":66}},"55":{"start":{"line":122,"column":8},"end":{"line":122,"column":68}},"56":{"start":{"line":128,"column":11},"end":{"line":148,"column":1}},"57":{"start":{"line":129,"column":13},"end":{"line":129,"column":50}},"58":{"start":{"line":130,"column":13},"end":{"line":133,"column":3}},"59":{"start":{"line":134,"column":2},"end":{"line":147,"column":4}},"60":{"start":{"line":135,"column":4},"end":{"line":135,"column":28}},"61":{"start":{"line":136,"column":4},"end":{"line":146,"column":7}},"62":{"start":{"line":137,"column":6},"end":{"line":137,"column":30}},"63":{"start":{"line":139,"column":6},"end":{"line":145,"column":7}},"64":{"start":{"line":140,"column":8},"end":{"line":142,"column":11}},"65":{"start":{"line":141,"column":10},"end":{"line":141,"column":53}},"66":{"start":{"line":144,"column":8},"end":{"line":144,"column":55}},"67":{"start":{"line":150,"column":18},"end":{"line":168,"column":1}},"68":{"start":{"line":151,"column":21},"end":{"line":151,"column":45}},"69":{"start":{"line":152,"column":2},"end":{"line":167,"column":4}},"70":{"start":{"line":153,"column":4},"end":{"line":153,"column":41}},"71":{"start":{"line":154,"column":4},"end":{"line":166,"column":7}},"72":{"start":{"line":155,"column":6},"end":{"line":155,"column":29}},"73":{"start":{"line":156,"column":6},"end":{"line":156,"column":37}},"74":{"start":{"line":158,"column":6},"end":{"line":164,"column":7}},"75":{"start":{"line":159,"column":8},"end":{"line":161,"column":11}},"76":{"start":{"line":160,"column":10},"end":{"line":160,"column":66}},"77":{"start":{"line":163,"column":8},"end":{"line":163,"column":75}},"78":{"start":{"line":165,"column":6},"end":{"line":165,"column":46}},"79":{"start":{"line":170,"column":18},"end":{"line":185,"column":1}},"80":{"start":{"line":171,"column":2},"end":{"line":184,"column":4}},"81":{"start":{"line":172,"column":4},"end":{"line":172,"column":41}},"82":{"start":{"line":173,"column":4},"end":{"line":183,"column":7}},"83":{"start":{"line":174,"column":6},"end":{"line":174,"column":106}},"84":{"start":{"line":176,"column":6},"end":{"line":182,"column":7}},"85":{"start":{"line":177,"column":8},"end":{"line":179,"column":11}},"86":{"start":{"line":178,"column":10},"end":{"line":178,"column":66}},"87":{"start":{"line":181,"column":8},"end":{"line":181,"column":67}},"88":{"start":{"line":187,"column":23},"end":{"line":214,"column":1}},"89":{"start":{"line":188,"column":22},"end":{"line":188,"column":94}},"90":{"start":{"line":190,"column":13},"end":{"line":190,"column":40}},"91":{"start":{"line":191,"column":2},"end":{"line":213,"column":4}},"92":{"start":{"line":192,"column":4},"end":{"line":192,"column":41}},"93":{"start":{"line":193,"column":4},"end":{"line":212,"column":7}},"94":{"start":{"line":194,"column":6},"end":{"line":194,"column":29}},"95":{"start":{"line":196,"column":6},"end":{"line":209,"column":9}},"96":{"start":{"line":197,"column":8},"end":{"line":197,"column":53}},"97":{"start":{"line":198,"column":8},"end":{"line":198,"column":49}},"98":{"start":{"line":199,"column":8},"end":{"line":208,"column":9}},"99":{"start":{"line":200,"column":10},"end":{"line":207,"column":11}},"100":{"start":{"line":201,"column":12},"end":{"line":203,"column":13}},"101":{"start":{"line":202,"column":14},"end":{"line":202,"column":66}},"102":{"start":{"line":206,"column":12},"end":{"line":206,"column":48}},"103":{"start":{"line":211,"column":6},"end":{"line":211,"column":55}}},"fnMap":{"0":{"name":"_interopRequireDefault","decl":{"start":{"line":38,"column":9},"end":{"line":38,"column":31}},"loc":{"start":{"line":38,"column":37},"end":{"line":38,"column":95}},"line":38},"1":{"name":"savedEvent","decl":{"start":{"line":40,"column":47},"end":{"line":40,"column":57}},"loc":{"start":{"line":40,"column":60},"end":{"line":44,"column":1}},"line":40},"2":{"name":"fetchMyEventsSuccessful","decl":{"start":{"line":46,"column":73},"end":{"line":46,"column":96}},"loc":{"start":{"line":46,"column":105},"end":{"line":51,"column":1}},"line":46},"3":{"name":"receiveEvents","decl":{"start":{"line":53,"column":53},"end":{"line":53,"column":66}},"loc":{"start":{"line":53,"column":75},"end":{"line":59,"column":1}},"line":53},"4":{"name":"receiveSingleEvent","decl":{"start":{"line":60,"column":63},"end":{"line":60,"column":81}},"loc":{"start":{"line":60,"column":89},"end":{"line":65,"column":1}},"line":60},"5":{"name":"rsvpSuccess","decl":{"start":{"line":66,"column":49},"end":{"line":66,"column":60}},"loc":{"start":{"line":66,"column":63},"end":{"line":70,"column":1}},"line":66},"6":{"name":"rsvpLoading","decl":{"start":{"line":72,"column":27},"end":{"line":72,"column":38}},"loc":{"start":{"line":72,"column":41},"end":{"line":76,"column":1}},"line":72},"7":{"name":"rsvpFailed","decl":{"start":{"line":78,"column":26},"end":{"line":78,"column":36}},"loc":{"start":{"line":78,"column":44},"end":{"line":83,"column":1}},"line":78},"8":{"name":"fetchEvents","decl":{"start":{"line":85,"column":49},"end":{"line":85,"column":60}},"loc":{"start":{"line":85,"column":63},"end":{"line":97,"column":1}},"line":85},"9":{"name":"(anonymous_9)","decl":{"start":{"line":86,"column":9},"end":{"line":86,"column":10}},"loc":{"start":{"line":86,"column":29},"end":{"line":96,"column":3}},"line":86},"10":{"name":"(anonymous_10)","decl":{"start":{"line":88,"column":39},"end":{"line":88,"column":40}},"loc":{"start":{"line":88,"column":59},"end":{"line":90,"column":5}},"line":88},"11":{"name":"(anonymous_11)","decl":{"start":{"line":90,"column":12},"end":{"line":90,"column":13}},"loc":{"start":{"line":90,"column":28},"end":{"line":93,"column":5}},"line":90},"12":{"name":"(anonymous_12)","decl":{"start":{"line":93,"column":13},"end":{"line":93,"column":14}},"loc":{"start":{"line":93,"column":30},"end":{"line":95,"column":5}},"line":93},"13":{"name":"fetchCoordinates","decl":{"start":{"line":99,"column":32},"end":{"line":99,"column":48}},"loc":{"start":{"line":99,"column":58},"end":{"line":109,"column":1}},"line":99},"14":{"name":"(anonymous_14)","decl":{"start":{"line":100,"column":49},"end":{"line":100,"column":50}},"loc":{"start":{"line":100,"column":65},"end":{"line":106,"column":3}},"line":100},"15":{"name":"(anonymous_15)","decl":{"start":{"line":106,"column":11},"end":{"line":106,"column":12}},"loc":{"start":{"line":106,"column":23},"end":{"line":108,"column":3}},"line":106},"16":{"name":"myEvents","decl":{"start":{"line":111,"column":43},"end":{"line":111,"column":51}},"loc":{"start":{"line":111,"column":54},"end":{"line":126,"column":1}},"line":111},"17":{"name":"(anonymous_17)","decl":{"start":{"line":112,"column":9},"end":{"line":112,"column":10}},"loc":{"start":{"line":112,"column":29},"end":{"line":125,"column":3}},"line":112},"18":{"name":"(anonymous_18)","decl":{"start":{"line":114,"column":55},"end":{"line":114,"column":56}},"loc":{"start":{"line":114,"column":75},"end":{"line":116,"column":5}},"line":114},"19":{"name":"(anonymous_19)","decl":{"start":{"line":116,"column":13},"end":{"line":116,"column":14}},"loc":{"start":{"line":116,"column":33},"end":{"line":124,"column":5}},"line":116},"20":{"name":"(anonymous_20)","decl":{"start":{"line":118,"column":22},"end":{"line":118,"column":23}},"loc":{"start":{"line":118,"column":39},"end":{"line":120,"column":9}},"line":118},"21":{"name":"rsvp","decl":{"start":{"line":128,"column":35},"end":{"line":128,"column":39}},"loc":{"start":{"line":128,"column":47},"end":{"line":148,"column":1}},"line":128},"22":{"name":"(anonymous_22)","decl":{"start":{"line":134,"column":9},"end":{"line":134,"column":10}},"loc":{"start":{"line":134,"column":29},"end":{"line":147,"column":3}},"line":134},"23":{"name":"(anonymous_23)","decl":{"start":{"line":136,"column":55},"end":{"line":136,"column":56}},"loc":{"start":{"line":136,"column":67},"end":{"line":138,"column":5}},"line":136},"24":{"name":"(anonymous_24)","decl":{"start":{"line":138,"column":13},"end":{"line":138,"column":14}},"loc":{"start":{"line":138,"column":33},"end":{"line":146,"column":5}},"line":138},"25":{"name":"(anonymous_25)","decl":{"start":{"line":140,"column":22},"end":{"line":140,"column":23}},"loc":{"start":{"line":140,"column":39},"end":{"line":142,"column":9}},"line":140},"26":{"name":"updateEvent","decl":{"start":{"line":150,"column":49},"end":{"line":150,"column":60}},"loc":{"start":{"line":150,"column":68},"end":{"line":168,"column":1}},"line":150},"27":{"name":"(anonymous_27)","decl":{"start":{"line":152,"column":9},"end":{"line":152,"column":10}},"loc":{"start":{"line":152,"column":29},"end":{"line":167,"column":3}},"line":152},"28":{"name":"(anonymous_28)","decl":{"start":{"line":154,"column":65},"end":{"line":154,"column":66}},"loc":{"start":{"line":154,"column":77},"end":{"line":157,"column":5}},"line":154},"29":{"name":"(anonymous_29)","decl":{"start":{"line":157,"column":13},"end":{"line":157,"column":14}},"loc":{"start":{"line":157,"column":33},"end":{"line":166,"column":5}},"line":157},"30":{"name":"(anonymous_30)","decl":{"start":{"line":159,"column":22},"end":{"line":159,"column":23}},"loc":{"start":{"line":159,"column":39},"end":{"line":161,"column":9}},"line":159},"31":{"name":"deleteEvent","decl":{"start":{"line":170,"column":49},"end":{"line":170,"column":60}},"loc":{"start":{"line":170,"column":70},"end":{"line":185,"column":1}},"line":170},"32":{"name":"(anonymous_32)","decl":{"start":{"line":171,"column":9},"end":{"line":171,"column":10}},"loc":{"start":{"line":171,"column":29},"end":{"line":184,"column":3}},"line":171},"33":{"name":"(anonymous_33)","decl":{"start":{"line":173,"column":60},"end":{"line":173,"column":61}},"loc":{"start":{"line":173,"column":80},"end":{"line":175,"column":5}},"line":173},"34":{"name":"(anonymous_34)","decl":{"start":{"line":175,"column":13},"end":{"line":175,"column":14}},"loc":{"start":{"line":175,"column":33},"end":{"line":183,"column":5}},"line":175},"35":{"name":"(anonymous_35)","decl":{"start":{"line":177,"column":29},"end":{"line":177,"column":30}},"loc":{"start":{"line":177,"column":46},"end":{"line":179,"column":9}},"line":177},"36":{"name":"fetchSingleEvent","decl":{"start":{"line":187,"column":59},"end":{"line":187,"column":75}},"loc":{"start":{"line":187,"column":80},"end":{"line":214,"column":1}},"line":187},"37":{"name":"(anonymous_37)","decl":{"start":{"line":191,"column":9},"end":{"line":191,"column":10}},"loc":{"start":{"line":191,"column":29},"end":{"line":213,"column":3}},"line":191},"38":{"name":"(anonymous_38)","decl":{"start":{"line":193,"column":49},"end":{"line":193,"column":50}},"loc":{"start":{"line":193,"column":69},"end":{"line":195,"column":5}},"line":193},"39":{"name":"(anonymous_39)","decl":{"start":{"line":195,"column":12},"end":{"line":195,"column":13}},"loc":{"start":{"line":195,"column":28},"end":{"line":210,"column":5}},"line":195},"40":{"name":"(anonymous_40)","decl":{"start":{"line":196,"column":55},"end":{"line":196,"column":56}},"loc":{"start":{"line":196,"column":71},"end":{"line":209,"column":7}},"line":196},"41":{"name":"(anonymous_41)","decl":{"start":{"line":210,"column":13},"end":{"line":210,"column":14}},"loc":{"start":{"line":210,"column":30},"end":{"line":212,"column":5}},"line":210}},"branchMap":{"0":{"loc":{"start":{"line":38,"column":46},"end":{"line":38,"column":92}},"type":"cond-expr","locations":[{"start":{"line":38,"column":70},"end":{"line":38,"column":73}},{"start":{"line":38,"column":76},"end":{"line":38,"column":92}}],"line":38},"1":{"loc":{"start":{"line":38,"column":46},"end":{"line":38,"column":67}},"type":"binary-expr","locations":[{"start":{"line":38,"column":46},"end":{"line":38,"column":49}},{"start":{"line":38,"column":53},"end":{"line":38,"column":67}}],"line":38},"2":{"loc":{"start":{"line":174,"column":13},"end":{"line":174,"column":105}},"type":"cond-expr","locations":[{"start":{"line":174,"column":30},"end":{"line":174,"column":79}},{"start":{"line":174,"column":82},"end":{"line":174,"column":105}}],"line":174},"3":{"loc":{"start":{"line":188,"column":22},"end":{"line":188,"column":94}},"type":"cond-expr","locations":[{"start":{"line":188,"column":75},"end":{"line":188,"column":87}},{"start":{"line":188,"column":90},"end":{"line":188,"column":94}}],"line":188},"4":{"loc":{"start":{"line":188,"column":22},"end":{"line":188,"column":72}},"type":"binary-expr","locations":[{"start":{"line":188,"column":22},"end":{"line":188,"column":42}},{"start":{"line":188,"column":46},"end":{"line":188,"column":72}}],"line":188},"5":{"loc":{"start":{"line":199,"column":8},"end":{"line":208,"column":9}},"type":"if","locations":[{"start":{"line":199,"column":8},"end":{"line":208,"column":9}},{"start":{"line":199,"column":8},"end":{"line":208,"column":9}}],"line":199},"6":{"loc":{"start":{"line":201,"column":12},"end":{"line":203,"column":13}},"type":"if","locations":[{"start":{"line":201,"column":12},"end":{"line":203,"column":13}},{"start":{"line":201,"column":12},"end":{"line":203,"column":13}}],"line":201},"7":{"loc":{"start":{"line":201,"column":16},"end":{"line":201,"column":78}},"type":"binary-expr","locations":[{"start":{"line":201,"column":16},"end":{"line":201,"column":31}},{"start":{"line":201,"column":35},"end":{"line":201,"column":78}}],"line":201}},"s":{"0":1,"1":1,"2":1,"3":1,"4":1,"5":1,"6":1,"7":1,"8":1,"9":1,"10":1,"11":1,"12":1,"13":1,"14":1,"15":1,"16":1,"17":4,"18":1,"19":1,"20":1,"21":3,"22":1,"23":2,"24":1,"25":2,"26":1,"27":2,"28":1,"29":1,"30":1,"31":0,"32":1,"33":2,"34":2,"35":2,"36":1,"37":1,"38":1,"39":1,"40":1,"41":1,"42":0,"43":0,"44":0,"45":0,"46":1,"47":1,"48":3,"49":3,"50":3,"51":2,"52":1,"53":1,"54":0,"55":1,"56":1,"57":1,"58":1,"59":1,"60":1,"61":1,"62":1,"63":0,"64":0,"65":0,"66":0,"67":1,"68":2,"69":2,"70":2,"71":2,"72":0,"73":0,"74":2,"75":2,"76":0,"77":2,"78":2,"79":1,"80":5,"81":5,"82":5,"83":3,"84":2,"85":2,"86":0,"87":2,"88":1,"89":1,"90":1,"91":1,"92":1,"93":1,"94":1,"95":1,"96":1,"97":1,"98":1,"99":0,"100":0,"101":0,"102":0,"103":0},"f":{"0":4,"1":1,"2":3,"3":2,"4":2,"5":2,"6":1,"7":0,"8":2,"9":2,"10":1,"11":1,"12":1,"13":1,"14":0,"15":1,"16":3,"17":3,"18":2,"19":1,"20":0,"21":1,"22":1,"23":1,"24":0,"25":0,"26":2,"27":2,"28":0,"29":2,"30":0,"31":5,"32":5,"33":3,"34":2,"35":0,"36":1,"37":1,"38":1,"39":1,"40":1,"41":0},"b":{"0":[4,0],"1":[4,4],"2":[2,1],"3":[1,0],"4":[1,1],"5":[0,1],"6":[0,0],"7":[0,0]},"_coverageSchema":"332fd63041d2c1bcb487cc26dd0d5f7d97098a6c","hash":"f19c35f6d66aa0839654861b82a3602df9835475","contentHash":"88b01aef554f5838ca9df8510e0b0bde_11.7.1"},"/Users/samjunior/CODE/REACT/bright-events-reactjs/src/helpers/MapService.js":{"path":"/Users/samjunior/CODE/REACT/bright-events-reactjs/src/helpers/MapService.js","statementMap":{"0":{"start":{"line":3,"column":0},"end":{"line":5,"column":3}},"1":{"start":{"line":7,"column":20},"end":{"line":7,"column":55}},"2":{"start":{"line":9,"column":21},"end":{"line":9,"column":58}},"3":{"start":{"line":11,"column":39},"end":{"line":11,"column":93}},"4":{"start":{"line":13,"column":0},"end":{"line":13,"column":76}},"5":{"start":{"line":15,"column":0},"end":{"line":17,"column":2}},"6":{"start":{"line":16,"column":2},"end":{"line":16,"column":66}},"7":{"start":{"line":20,"column":2},"end":{"line":22,"column":3}},"8":{"start":{"line":21,"column":4},"end":{"line":21,"column":37}},"9":{"start":{"line":23,"column":2},"end":{"line":23,"column":34}}},"fnMap":{"0":{"name":"_interopRequireDefault","decl":{"start":{"line":11,"column":9},"end":{"line":11,"column":31}},"loc":{"start":{"line":11,"column":37},"end":{"line":11,"column":95}},"line":11},"1":{"name":"(anonymous_1)","decl":{"start":{"line":15,"column":18},"end":{"line":15,"column":19}},"loc":{"start":{"line":15,"column":37},"end":{"line":17,"column":1}},"line":15},"2":{"name":"status","decl":{"start":{"line":19,"column":9},"end":{"line":19,"column":15}},"loc":{"start":{"line":19,"column":26},"end":{"line":24,"column":1}},"line":19}},"branchMap":{"0":{"loc":{"start":{"line":11,"column":46},"end":{"line":11,"column":92}},"type":"cond-expr","locations":[{"start":{"line":11,"column":70},"end":{"line":11,"column":73}},{"start":{"line":11,"column":76},"end":{"line":11,"column":92}}],"line":11},"1":{"loc":{"start":{"line":11,"column":46},"end":{"line":11,"column":67}},"type":"binary-expr","locations":[{"start":{"line":11,"column":46},"end":{"line":11,"column":49}},{"start":{"line":11,"column":53},"end":{"line":11,"column":67}}],"line":11},"2":{"loc":{"start":{"line":20,"column":2},"end":{"line":22,"column":3}},"type":"if","locations":[{"start":{"line":20,"column":2},"end":{"line":22,"column":3}},{"start":{"line":20,"column":2},"end":{"line":22,"column":3}}],"line":20}},"s":{"0":1,"1":1,"2":1,"3":1,"4":1,"5":1,"6":3,"7":0,"8":0,"9":0},"f":{"0":1,"1":3,"2":0},"b":{"0":[1,0],"1":[1,1],"2":[0,0]},"_coverageSchema":"332fd63041d2c1bcb487cc26dd0d5f7d97098a6c","hash":"1d292b19e2bda5fa7a2a4db168efd675b9a29595","contentHash":"caefe3fce8c06bee3b35439076feebc6_11.7.1"},"/Users/samjunior/CODE/REACT/bright-events-reactjs/src/plugins/geocode-react.js":{"path":"/Users/samjunior/CODE/REACT/bright-events-reactjs/src/plugins/geocode-react.js","statementMap":{"0":{"start":{"line":3,"column":0},"end":{"line":5,"column":3}},"1":{"start":{"line":7,"column":19},"end":{"line":7,"column":55}},"2":{"start":{"line":9,"column":20},"end":{"line":9,"column":56}},"3":{"start":{"line":11,"column":39},"end":{"line":11,"column":93}},"4":{"start":{"line":13,"column":16},"end":{"line":59,"column":3}},"5":{"start":{"line":14,"column":13},"end":{"line":54,"column":5}},"6":{"start":{"line":16,"column":4},"end":{"line":53,"column":22}},"7":{"start":{"line":17,"column":6},"end":{"line":52,"column":7}},"8":{"start":{"line":18,"column":8},"end":{"line":51,"column":9}},"9":{"start":{"line":20,"column":12},"end":{"line":20,"column":30}},"10":{"start":{"line":21,"column":12},"end":{"line":23,"column":15}},"11":{"start":{"line":22,"column":14},"end":{"line":22,"column":70}},"12":{"start":{"line":26,"column":12},"end":{"line":26,"column":37}},"13":{"start":{"line":27,"column":12},"end":{"line":27,"column":30}},"14":{"start":{"line":28,"column":12},"end":{"line":31,"column":15}},"15":{"start":{"line":29,"column":14},"end":{"line":29,"column":51}},"16":{"start":{"line":30,"column":14},"end":{"line":30,"column":80}},"17":{"start":{"line":34,"column":12},"end":{"line":34,"column":33}},"18":{"start":{"line":36,"column":12},"end":{"line":39,"column":13}},"19":{"start":{"line":37,"column":14},"end":{"line":37,"column":32}},"20":{"start":{"line":38,"column":14},"end":{"line":38,"column":20}},"21":{"start":{"line":41,"column":12},"end":{"line":41,"column":22}},"22":{"start":{"line":42,"column":12},"end":{"line":42,"column":51}},"23":{"start":{"line":45,"column":12},"end":{"line":45,"column":68}},"24":{"start":{"line":46,"column":12},"end":{"line":46,"column":118}},"25":{"start":{"line":50,"column":12},"end":{"line":50,"column":35}},"26":{"start":{"line":56,"column":2},"end":{"line":58,"column":4}},"27":{"start":{"line":57,"column":4},"end":{"line":57,"column":39}},"28":{"start":{"line":62,"column":2},"end":{"line":80,"column":4}},"29":{"start":{"line":63,"column":14},"end":{"line":63,"column":39}},"30":{"start":{"line":63,"column":40},"end":{"line":79,"column":7}},"31":{"start":{"line":65,"column":8},"end":{"line":69,"column":9}},"32":{"start":{"line":66,"column":21},"end":{"line":66,"column":34}},"33":{"start":{"line":66,"column":47},"end":{"line":66,"column":57}},"34":{"start":{"line":68,"column":10},"end":{"line":68,"column":24}},"35":{"start":{"line":68,"column":24},"end":{"line":68,"column":31}},"36":{"start":{"line":69,"column":9},"end":{"line":77,"column":9}},"37":{"start":{"line":70,"column":10},"end":{"line":70,"column":25}},"38":{"start":{"line":72,"column":10},"end":{"line":76,"column":13}},"39":{"start":{"line":73,"column":12},"end":{"line":73,"column":32}},"40":{"start":{"line":75,"column":12},"end":{"line":75,"column":31}},"41":{"start":{"line":78,"column":7},"end":{"line":78,"column":27}},"42":{"start":{"line":90,"column":12},"end":{"line":90,"column":17}},"43":{"start":{"line":91,"column":14},"end":{"line":91,"column":18}},"44":{"start":{"line":92,"column":17},"end":{"line":92,"column":64}},"45":{"start":{"line":95,"column":13},"end":{"line":95,"column":86}},"46":{"start":{"line":97,"column":2},"end":{"line":103,"column":3}},"47":{"start":{"line":98,"column":4},"end":{"line":102,"column":5}},"48":{"start":{"line":99,"column":6},"end":{"line":99,"column":28}},"49":{"start":{"line":101,"column":6},"end":{"line":101,"column":27}},"50":{"start":{"line":106,"column":0},"end":{"line":215,"column":2}},"51":{"start":{"line":113,"column":4},"end":{"line":113,"column":21}},"52":{"start":{"line":123,"column":15},"end":{"line":123,"column":87}},"53":{"start":{"line":125,"column":4},"end":{"line":125,"column":17}},"54":{"start":{"line":138,"column":4},"end":{"line":170,"column":10}},"55":{"start":{"line":140,"column":6},"end":{"line":169,"column":25}},"56":{"start":{"line":141,"column":8},"end":{"line":168,"column":9}},"57":{"start":{"line":142,"column":10},"end":{"line":167,"column":11}},"58":{"start":{"line":144,"column":14},"end":{"line":147,"column":15}},"59":{"start":{"line":145,"column":16},"end":{"line":145,"column":35}},"60":{"start":{"line":146,"column":16},"end":{"line":146,"column":22}},"61":{"start":{"line":149,"column":14},"end":{"line":149,"column":60}},"62":{"start":{"line":150,"column":14},"end":{"line":150,"column":111}},"63":{"start":{"line":153,"column":14},"end":{"line":153,"column":39}},"64":{"start":{"line":154,"column":14},"end":{"line":154,"column":64}},"65":{"start":{"line":157,"column":14},"end":{"line":160,"column":15}},"66":{"start":{"line":158,"column":16},"end":{"line":158,"column":44}},"67":{"start":{"line":159,"column":16},"end":{"line":159,"column":41}},"68":{"start":{"line":162,"column":14},"end":{"line":162,"column":64}},"69":{"start":{"line":166,"column":14},"end":{"line":166,"column":38}},"70":{"start":{"line":182,"column":4},"end":{"line":213,"column":10}},"71":{"start":{"line":184,"column":6},"end":{"line":212,"column":25}},"72":{"start":{"line":185,"column":8},"end":{"line":211,"column":9}},"73":{"start":{"line":186,"column":10},"end":{"line":210,"column":11}},"74":{"start":{"line":188,"column":14},"end":{"line":191,"column":15}},"75":{"start":{"line":189,"column":16},"end":{"line":189,"column":35}},"76":{"start":{"line":190,"column":16},"end":{"line":190,"column":22}},"77":{"start":{"line":193,"column":14},"end":{"line":193,"column":55}},"78":{"start":{"line":194,"column":14},"end":{"line":194,"column":106}},"79":{"start":{"line":197,"column":14},"end":{"line":197,"column":66}},"80":{"start":{"line":200,"column":14},"end":{"line":203,"column":15}},"81":{"start":{"line":201,"column":16},"end":{"line":201,"column":44}},"82":{"start":{"line":202,"column":16},"end":{"line":202,"column":41}},"83":{"start":{"line":205,"column":14},"end":{"line":205,"column":64}},"84":{"start":{"line":209,"column":14},"end":{"line":209,"column":38}}},"fnMap":{"0":{"name":"_interopRequireDefault","decl":{"start":{"line":11,"column":9},"end":{"line":11,"column":31}},"loc":{"start":{"line":11,"column":37},"end":{"line":11,"column":95}},"line":11},"1":{"name":"(anonymous_1)","decl":{"start":{"line":13,"column":16},"end":{"line":13,"column":17}},"loc":{"start":{"line":13,"column":28},"end":{"line":59,"column":1}},"line":13},"2":{"name":"_callee","decl":{"start":{"line":14,"column":81},"end":{"line":14,"column":88}},"loc":{"start":{"line":14,"column":94},"end":{"line":54,"column":3}},"line":14},"3":{"name":"_callee$","decl":{"start":{"line":16,"column":47},"end":{"line":16,"column":55}},"loc":{"start":{"line":16,"column":66},"end":{"line":53,"column":5}},"line":16},"4":{"name":"(anonymous_4)","decl":{"start":{"line":21,"column":36},"end":{"line":21,"column":37}},"loc":{"start":{"line":21,"column":53},"end":{"line":23,"column":13}},"line":21},"5":{"name":"(anonymous_5)","decl":{"start":{"line":28,"column":41},"end":{"line":28,"column":42}},"loc":{"start":{"line":28,"column":53},"end":{"line":31,"column":13}},"line":28},"6":{"name":"handleUrl","decl":{"start":{"line":56,"column":18},"end":{"line":56,"column":27}},"loc":{"start":{"line":56,"column":32},"end":{"line":58,"column":3}},"line":56},"7":{"name":"_asyncToGenerator","decl":{"start":{"line":61,"column":9},"end":{"line":61,"column":26}},"loc":{"start":{"line":61,"column":31},"end":{"line":81,"column":1}},"line":61},"8":{"name":"(anonymous_8)","decl":{"start":{"line":62,"column":9},"end":{"line":62,"column":10}},"loc":{"start":{"line":62,"column":21},"end":{"line":80,"column":3}},"line":62},"9":{"name":"(anonymous_9)","decl":{"start":{"line":63,"column":59},"end":{"line":63,"column":60}},"loc":{"start":{"line":63,"column":86},"end":{"line":79,"column":5}},"line":63},"10":{"name":"step","decl":{"start":{"line":64,"column":15},"end":{"line":64,"column":19}},"loc":{"start":{"line":64,"column":30},"end":{"line":78,"column":7}},"line":64},"11":{"name":"(anonymous_11)","decl":{"start":{"line":72,"column":45},"end":{"line":72,"column":46}},"loc":{"start":{"line":72,"column":62},"end":{"line":74,"column":11}},"line":72},"12":{"name":"(anonymous_12)","decl":{"start":{"line":74,"column":13},"end":{"line":74,"column":14}},"loc":{"start":{"line":74,"column":28},"end":{"line":76,"column":11}},"line":74},"13":{"name":"log","decl":{"start":{"line":94,"column":9},"end":{"line":94,"column":12}},"loc":{"start":{"line":94,"column":22},"end":{"line":104,"column":1}},"line":94},"14":{"name":"setApiKey","decl":{"start":{"line":112,"column":22},"end":{"line":112,"column":31}},"loc":{"start":{"line":112,"column":40},"end":{"line":114,"column":3}},"line":112},"15":{"name":"enableDebug","decl":{"start":{"line":122,"column":24},"end":{"line":122,"column":35}},"loc":{"start":{"line":122,"column":38},"end":{"line":126,"column":3}},"line":122},"16":{"name":"fromLatLng","decl":{"start":{"line":137,"column":23},"end":{"line":137,"column":33}},"loc":{"start":{"line":137,"column":52},"end":{"line":171,"column":3}},"line":137},"17":{"name":"_callee2","decl":{"start":{"line":138,"column":79},"end":{"line":138,"column":87}},"loc":{"start":{"line":138,"column":90},"end":{"line":170,"column":5}},"line":138},"18":{"name":"_callee2$","decl":{"start":{"line":140,"column":49},"end":{"line":140,"column":58}},"loc":{"start":{"line":140,"column":70},"end":{"line":169,"column":7}},"line":140},"19":{"name":"fromAddress","decl":{"start":{"line":181,"column":24},"end":{"line":181,"column":35}},"loc":{"start":{"line":181,"column":53},"end":{"line":214,"column":3}},"line":181},"20":{"name":"_callee3","decl":{"start":{"line":182,"column":79},"end":{"line":182,"column":87}},"loc":{"start":{"line":182,"column":90},"end":{"line":213,"column":5}},"line":182},"21":{"name":"_callee3$","decl":{"start":{"line":184,"column":49},"end":{"line":184,"column":58}},"loc":{"start":{"line":184,"column":70},"end":{"line":212,"column":7}},"line":184}},"branchMap":{"0":{"loc":{"start":{"line":11,"column":46},"end":{"line":11,"column":92}},"type":"cond-expr","locations":[{"start":{"line":11,"column":70},"end":{"line":11,"column":73}},{"start":{"line":11,"column":76},"end":{"line":11,"column":92}}],"line":11},"1":{"loc":{"start":{"line":11,"column":46},"end":{"line":11,"column":67}},"type":"binary-expr","locations":[{"start":{"line":11,"column":46},"end":{"line":11,"column":49}},{"start":{"line":11,"column":53},"end":{"line":11,"column":67}}],"line":11},"2":{"loc":{"start":{"line":18,"column":8},"end":{"line":51,"column":9}},"type":"switch","locations":[{"start":{"line":19,"column":10},"end":{"line":23,"column":15}},{"start":{"line":25,"column":10},"end":{"line":31,"column":15}},{"start":{"line":33,"column":10},"end":{"line":42,"column":51}},{"start":{"line":44,"column":10},"end":{"line":46,"column":118}},{"start":{"line":48,"column":10},"end":{"line":48,"column":18}},{"start":{"line":49,"column":10},"end":{"line":50,"column":35}}],"line":18},"3":{"loc":{"start":{"line":36,"column":12},"end":{"line":39,"column":13}},"type":"if","locations":[{"start":{"line":36,"column":12},"end":{"line":39,"column":13}},{"start":{"line":36,"column":12},"end":{"line":39,"column":13}}],"line":36},"4":{"loc":{"start":{"line":69,"column":9},"end":{"line":77,"column":9}},"type":"if","locations":[{"start":{"line":69,"column":9},"end":{"line":77,"column":9}},{"start":{"line":69,"column":9},"end":{"line":77,"column":9}}],"line":69},"5":{"loc":{"start":{"line":95,"column":13},"end":{"line":95,"column":86}},"type":"cond-expr","locations":[{"start":{"line":95,"column":66},"end":{"line":95,"column":78}},{"start":{"line":95,"column":81},"end":{"line":95,"column":86}}],"line":95},"6":{"loc":{"start":{"line":95,"column":13},"end":{"line":95,"column":63}},"type":"binary-expr","locations":[{"start":{"line":95,"column":13},"end":{"line":95,"column":33}},{"start":{"line":95,"column":37},"end":{"line":95,"column":63}}],"line":95},"7":{"loc":{"start":{"line":97,"column":2},"end":{"line":103,"column":3}},"type":"if","locations":[{"start":{"line":97,"column":2},"end":{"line":103,"column":3}},{"start":{"line":97,"column":2},"end":{"line":103,"column":3}}],"line":97},"8":{"loc":{"start":{"line":98,"column":4},"end":{"line":102,"column":5}},"type":"if","locations":[{"start":{"line":98,"column":4},"end":{"line":102,"column":5}},{"start":{"line":98,"column":4},"end":{"line":102,"column":5}}],"line":98},"9":{"loc":{"start":{"line":123,"column":15},"end":{"line":123,"column":87}},"type":"cond-expr","locations":[{"start":{"line":123,"column":68},"end":{"line":123,"column":80}},{"start":{"line":123,"column":83},"end":{"line":123,"column":87}}],"line":123},"10":{"loc":{"start":{"line":123,"column":15},"end":{"line":123,"column":65}},"type":"binary-expr","locations":[{"start":{"line":123,"column":15},"end":{"line":123,"column":35}},{"start":{"line":123,"column":39},"end":{"line":123,"column":65}}],"line":123},"11":{"loc":{"start":{"line":142,"column":10},"end":{"line":167,"column":11}},"type":"switch","locations":[{"start":{"line":143,"column":12},"end":{"line":150,"column":111}},{"start":{"line":152,"column":12},"end":{"line":162,"column":64}},{"start":{"line":164,"column":12},"end":{"line":164,"column":19}},{"start":{"line":165,"column":12},"end":{"line":166,"column":38}}],"line":142},"12":{"loc":{"start":{"line":144,"column":14},"end":{"line":147,"column":15}},"type":"if","locations":[{"start":{"line":144,"column":14},"end":{"line":147,"column":15}},{"start":{"line":144,"column":14},"end":{"line":147,"column":15}}],"line":144},"13":{"loc":{"start":{"line":144,"column":20},"end":{"line":144,"column":32}},"type":"binary-expr","locations":[{"start":{"line":144,"column":20},"end":{"line":144,"column":24}},{"start":{"line":144,"column":28},"end":{"line":144,"column":32}}],"line":144},"14":{"loc":{"start":{"line":157,"column":14},"end":{"line":160,"column":15}},"type":"if","locations":[{"start":{"line":157,"column":14},"end":{"line":160,"column":15}},{"start":{"line":157,"column":14},"end":{"line":160,"column":15}}],"line":157},"15":{"loc":{"start":{"line":157,"column":18},"end":{"line":157,"column":35}},"type":"binary-expr","locations":[{"start":{"line":157,"column":18},"end":{"line":157,"column":24}},{"start":{"line":157,"column":28},"end":{"line":157,"column":35}}],"line":157},"16":{"loc":{"start":{"line":158,"column":26},"end":{"line":158,"column":43}},"type":"binary-expr","locations":[{"start":{"line":158,"column":26},"end":{"line":158,"column":32}},{"start":{"line":158,"column":36},"end":{"line":158,"column":43}}],"line":158},"17":{"loc":{"start":{"line":186,"column":10},"end":{"line":210,"column":11}},"type":"switch","locations":[{"start":{"line":187,"column":12},"end":{"line":194,"column":106}},{"start":{"line":196,"column":12},"end":{"line":205,"column":64}},{"start":{"line":207,"column":12},"end":{"line":207,"column":19}},{"start":{"line":208,"column":12},"end":{"line":209,"column":38}}],"line":186},"18":{"loc":{"start":{"line":188,"column":14},"end":{"line":191,"column":15}},"type":"if","locations":[{"start":{"line":188,"column":14},"end":{"line":191,"column":15}},{"start":{"line":188,"column":14},"end":{"line":191,"column":15}}],"line":188},"19":{"loc":{"start":{"line":200,"column":14},"end":{"line":203,"column":15}},"type":"if","locations":[{"start":{"line":200,"column":14},"end":{"line":203,"column":15}},{"start":{"line":200,"column":14},"end":{"line":203,"column":15}}],"line":200},"20":{"loc":{"start":{"line":200,"column":18},"end":{"line":200,"column":35}},"type":"binary-expr","locations":[{"start":{"line":200,"column":18},"end":{"line":200,"column":24}},{"start":{"line":200,"column":28},"end":{"line":200,"column":35}}],"line":200},"21":{"loc":{"start":{"line":201,"column":26},"end":{"line":201,"column":43}},"type":"binary-expr","locations":[{"start":{"line":201,"column":26},"end":{"line":201,"column":32}},{"start":{"line":201,"column":36},"end":{"line":201,"column":43}}],"line":201}},"s":{"0":1,"1":1,"2":1,"3":1,"4":1,"5":1,"6":3,"7":8,"8":9,"9":3,"10":3,"11":0,"12":1,"13":1,"14":1,"15":0,"16":0,"17":1,"18":1,"19":1,"20":1,"21":0,"22":0,"23":1,"24":1,"25":3,"26":1,"27":3,"28":4,"29":6,"30":6,"31":8,"32":8,"33":6,"34":2,"35":2,"36":6,"37":4,"38":2,"39":2,"40":0,"41":6,"42":1,"43":1,"44":1,"45":1,"46":1,"47":0,"48":0,"49":0,"50":1,"51":1,"52":0,"53":0,"54":0,"55":0,"56":0,"57":0,"58":0,"59":0,"60":0,"61":0,"62":0,"63":0,"64":0,"65":0,"66":0,"67":0,"68":0,"69":0,"70":3,"71":3,"72":6,"73":9,"74":3,"75":3,"76":3,"77":0,"78":0,"79":3,"80":3,"81":3,"82":3,"83":3,"84":3},"f":{"0":1,"1":1,"2":3,"3":8,"4":0,"5":0,"6":3,"7":4,"8":6,"9":6,"10":8,"11":2,"12":0,"13":1,"14":1,"15":0,"16":0,"17":0,"18":0,"19":3,"20":3,"21":6},"b":{"0":[0,1],"1":[1,1],"2":[3,1,1,1,0,3],"3":[1,0],"4":[4,2],"5":[1,0],"6":[1,1],"7":[0,1],"8":[0,0],"9":[0,0],"10":[0,0],"11":[0,0,0,0],"12":[0,0],"13":[0,0],"14":[0,0],"15":[0,0],"16":[0,0],"17":[3,3,0,3],"18":[3,0],"19":[3,0],"20":[3,3],"21":[3,3]},"_coverageSchema":"332fd63041d2c1bcb487cc26dd0d5f7d97098a6c","hash":"07bbf3e5dce72074f6a2bc11884f77d3d338f7aa","contentHash":"2bed346536d4ad681c0ef6c46601d040_11.7.1"},"/Users/samjunior/CODE/REACT/bright-events-reactjs/src/actions/map.actions.js":{"path":"/Users/samjunior/CODE/REACT/bright-events-reactjs/src/actions/map.actions.js","statementMap":{"0":{"start":{"line":3,"column":0},"end":{"line":5,"column":3}},"1":{"start":{"line":6,"column":0},"end":{"line":6,"column":66}},"2":{"start":{"line":8,"column":20},"end":{"line":8,"column":56}},"3":{"start":{"line":10,"column":18},"end":{"line":10,"column":50}},"4":{"start":{"line":12,"column":19},"end":{"line":12,"column":54}},"5":{"start":{"line":14,"column":11},"end":{"line":14,"column":35}},"6":{"start":{"line":16,"column":39},"end":{"line":16,"column":93}},"7":{"start":{"line":18,"column":25},"end":{"line":23,"column":1}},"8":{"start":{"line":19,"column":2},"end":{"line":22,"column":4}},"9":{"start":{"line":25,"column":23},"end":{"line":39,"column":1}},"10":{"start":{"line":26,"column":2},"end":{"line":38,"column":4}},"11":{"start":{"line":27,"column":4},"end":{"line":27,"column":41}},"12":{"start":{"line":28,"column":4},"end":{"line":37,"column":7}},"13":{"start":{"line":29,"column":34},"end":{"line":29,"column":67}},"14":{"start":{"line":30,"column":16},"end":{"line":30,"column":41}},"15":{"start":{"line":31,"column":16},"end":{"line":31,"column":41}},"16":{"start":{"line":33,"column":6},"end":{"line":33,"column":59}},"17":{"start":{"line":35,"column":6},"end":{"line":35,"column":36}},"18":{"start":{"line":36,"column":6},"end":{"line":36,"column":89}}},"fnMap":{"0":{"name":"_interopRequireDefault","decl":{"start":{"line":16,"column":9},"end":{"line":16,"column":31}},"loc":{"start":{"line":16,"column":37},"end":{"line":16,"column":95}},"line":16},"1":{"name":"fetchedCoordinates","decl":{"start":{"line":18,"column":63},"end":{"line":18,"column":81}},"loc":{"start":{"line":18,"column":95},"end":{"line":23,"column":1}},"line":18},"2":{"name":"fetchCoordinates","decl":{"start":{"line":25,"column":59},"end":{"line":25,"co
[...]
"column":460},"end":{"line":26,"column":491}}],"line":26},"15":{"loc":{"start":{"line":37,"column":50},"end":{"line":37,"column":123}},"type":"binary-expr","locations":[{"start":{"line":37,"column":50},"end":{"line":37,"column":78}},{"start":{"line":37,"column":82},"end":{"line":37,"column":123}}],"line":37},"16":{"loc":{"start":{"line":68,"column":6},"end":{"line":85,"column":7}},"type":"if","locations":[{"start":{"line":68,"column":6},"end":{"line":85,"column":7}},{"start":{"line":68,"column":6},"end":{"line":85,"column":7}}],"line":68},"17":{"loc":{"start":{"line":86,"column":6},"end":{"line":115,"column":7}},"type":"if","locations":[{"start":{"line":86,"column":6},"end":{"line":115,"column":7}},{"start":{"line":86,"column":6},"end":{"line":115,"column":7}}],"line":86},"18":{"loc":{"start":{"line":116,"column":6},"end":{"line":247,"column":7}},"type":"if","locations":[{"start":{"line":116,"column":6},"end":{"line":247,"column":7}},{"start":{"line":116,"column":6},"end":{"line":247,"column":7}}],"line":116},"19":{"loc":{"start":{"line":116,"column":10},"end":{"line":116,"column":33}},"type":"binary-expr","locations":[{"start":{"line":116,"column":10},"end":{"line":116,"column":18}},{"start":{"line":116,"column":22},"end":{"line":116,"column":33}}],"line":116},"20":{"loc":{"start":{"line":226,"column":16},"end":{"line":231,"column":18}},"type":"binary-expr","locations":[{"start":{"line":226,"column":16},"end":{"line":226,"column":23}},{"start":{"line":226,"column":27},"end":{"line":231,"column":18}}],"line":226},"21":{"loc":{"start":{"line":234,"column":14},"end":{"line":243,"column":15}},"type":"binary-expr","locations":[{"start":{"line":234,"column":14},"end":{"line":234,"column":19}},{"start":{"line":234,"column":23},"end":{"line":243,"column":15}}],"line":234}},"s":{"0":1,"1":1,"2":1,"3":1,"4":3,"5":3,"6":3,"7":3,"8":3,"9":3,"10":1,"11":1,"12":1,"13":1,"14":0,"15":1,"16":1,"17":1,"18":1,"19":1,"20":1,"21":2,"22":0,"23":0,"24":0,"25":0,"26":0,"27":1,"28":0,"29":1,"30":1,"31":1,"32":1,"33":1,"34":1,"35":1,"36":0,"37":0,"38":0,"39":0,"40":1,"41":0,"42":0,"43":0,"44":0,"45":0,"46":0,"47":0,"48":0,"49":0,"50":0,"51":0,"52":0,"53":0,"54":0,"55":0,"56":0,"57":0,"58":0,"59":0,"60":1,"61":1,"62":1},"f":{"0":1,"1":1,"2":1,"3":2,"4":0,"5":0,"6":1,"7":1,"8":0,"9":0,"10":0,"11":0,"12":0,"13":0},"b":{"0":[3,3],"1":[3,0],"2":[1,0],"3":[0,1],"4":[0,2],"5":[2,2],"6":[0,0],"7":[0,0],"8":[0,0],"9":[0,0,0],"10":[0,1],"11":[1,0],"12":[1,1],"13":[1,0],"14":[1,0],"15":[0,0],"16":[0,0],"17":[0,0],"18":[0,0],"19":[0,0],"20":[0,0],"21":[0,0]},"_coverageSchema":"332fd63041d2c1bcb487cc26dd0d5f7d97098a6c","hash":"67443e9c05a9d37f8e60cd74df8fb1af37d28157","contentHash":"92a2d650dea5fdfa0f0caed0acd97ce6_11.7.1"},"/Users/samjunior/CODE/REACT/bright-events-reactjs/src/components/auth/resetPassword/EmailSent.js":{"path":"/Users/samjunior/CODE/REACT/bright-events-reactjs/src/components/auth/resetPassword/EmailSent.js","statementMap":{"0":{"start":{"line":3,"column":0},"end":{"line":5,"column":3}},"1":{"start":{"line":6,"column":19},"end":{"line":6,"column":117}},"2":{"start":{"line":8,"column":19},"end":{"line":8,"column":563}},"3":{"start":{"line":8,"column":76},"end":{"line":8,"column":347}},"4":{"start":{"line":8,"column":134},"end":{"line":8,"column":142}},"5":{"start":{"line":8,"column":144},"end":{"line":8,"column":199}},"6":{"start":{"line":8,"column":200},"end":{"line":8,"column":231}},"7":{"start":{"line":8,"column":232},"end":{"line":8,"column":286}},"8":{"start":{"line":8,"column":259},"end":{"line":8,"column":286}},"9":{"start":{"line":8,"column":287},"end":{"line":8,"column":345}},"10":{"start":{"line":8,"column":350},"end":{"line":8,"column":559}},"11":{"start":{"line":8,"column":407},"end":{"line":8,"column":475}},"12":{"start":{"line":8,"column":423},"end":{"line":8,"column":475}},"13":{"start":{"line":8,"column":476},"end":{"line":8,"column":536}},"14":{"start":{"line":8,"column":493},"end":{"line":8,"column":536}},"15":{"start":{"line":8,"column":537},"end":{"line":8,"column":556}},"16":{"start":{"line":10,"column":13},"end":{"line":10,"column":29}},"17":{"start":{"line":12,"column":14},"end":{"line":12,"column":44}},"18":{"start":{"line":14,"column":17},"end":{"line":14,"column":38}},"19":{"start":{"line":16,"column":18},"end":{"line":16,"column":52}},"20":{"start":{"line":18,"column":39},"end":{"line":18,"column":93}},"21":{"start":{"line":20,"column":50},"end":{"line":20,"column":151}},"22":{"start":{"line":20,"column":92},"end":{"line":20,"column":149}},"23":{"start":{"line":22,"column":50},"end":{"line":22,"column":151}},"24":{"start":{"line":22,"column":63},"end":{"line":22,"column":149}},"25":{"start":{"line":22,"column":152},"end":{"line":22,"column":238}},"26":{"start":{"line":24,"column":43},"end":{"line":24,"column":208}},"27":{"start":{"line":24,"column":106},"end":{"line":24,"column":206}},"28":{"start":{"line":24,"column":209},"end":{"line":24,"column":373}},"29":{"start":{"line":24,"column":374},"end":{"line":24,"column":492}},"30":{"start":{"line":24,"column":390},"end":{"line":24,"column":492}},"31":{"start":{"line":26,"column":16},"end":{"line":99,"column":19}},"32":{"start":{"line":27,"column":4},"end":{"line":27,"column":37}},"33":{"start":{"line":30,"column":8},"end":{"line":30,"column":41}},"34":{"start":{"line":32,"column":8},"end":{"line":32,"column":130}},"35":{"start":{"line":35,"column":4},"end":{"line":96,"column":8}},"36":{"start":{"line":38,"column":12},"end":{"line":94,"column":14}},"37":{"start":{"line":98,"column":4},"end":{"line":98,"column":21}},"38":{"start":{"line":101,"column":0},"end":{"line":101,"column":25}},"39":{"start":{"line":103,"column":0},"end":{"line":103,"column":28}}},"fnMap":{"0":{"name":"(anonymous_0)","decl":{"start":{"line":8,"column":19},"end":{"line":8,"column":20}},"loc":{"start":{"line":8,"column":31},"end":{"line":8,"column":561}},"line":8},"1":{"name":"defineProperties","decl":{"start":{"line":8,"column":42},"end":{"line":8,"column":58}},"loc":{"start":{"line":8,"column":74},"end":{"line":8,"column":349}},"line":8},"2":{"name":"(anonymous_2)","decl":{"start":{"line":8,"column":357},"end":{"line":8,"column":358}},"loc":{"start":{"line":8,"column":405},"end":{"line":8,"column":558}},"line":8},"3":{"name":"_interopRequireDefault","decl":{"start":{"line":18,"column":9},"end":{"line":18,"column":31}},"loc":{"start":{"line":18,"column":37},"end":{"line":18,"column":95}},"line":18},"4":{"name":"_classCallCheck","decl":{"start":{"line":20,"column":9},"end":{"line":20,"column":24}},"loc":{"start":{"line":20,"column":48},"end":{"line":20,"column":153}},"line":20},"5":{"name":"_possibleConstructorReturn","decl":{"start":{"line":22,"column":9},"end":{"line":22,"column":35}},"loc":{"start":{"line":22,"column":48},"end":{"line":22,"column":240}},"line":22},"6":{"name":"_inherits","decl":{"start":{"line":24,"column":9},"end":{"line":24,"column":18}},"loc":{"start":{"line":24,"column":41},"end":{"line":24,"column":494}},"line":24},"7":{"name":"(anonymous_7)","decl":{"start":{"line":26,"column":16},"end":{"line":26,"column":17}},"loc":{"start":{"line":26,"column":38},"end":{"line":99,"column":1}},"line":26},"8":{"name":"EmailSent","decl":{"start":{"line":29,"column":13},"end":{"line":29,"column":22}},"loc":{"start":{"line":29,"column":25},"end":{"line":33,"column":5}},"line":29},"9":{"name":"render","decl":{"start":{"line":37,"column":24},"end":{"line":37,"column":30}},"loc":{"start":{"line":37,"column":33},"end":{"line":95,"column":9}},"line":37}},"branchMap":{"0":{"loc":{"start":{"line":8,"column":168},"end":{"line":8,"column":198}},"type":"binary-expr","locations":[{"start":{"line":8,"column":168},"end":{"line":8,"column":189}},{"start":{"line":8,"column":193},"end":{"line":8,"column":198}}],"line":8},"1":{"loc":{"start":{"line":8,"column":232},"end":{"line":8,"column":286}},"type":"if","locations":[{"start":{"line":8,"column":232},"end":{"line":8,"column":286}},{"start":{"line":8,"column":232},"end":{"line":8,"column":286}}],"line":8},"2":{"loc":{"start":{"line":8,"column":407},"end":{"line":8,"column":475}},"type":"if","locations":[{"start":{"line":8,"column":407},"end":{"line":8,"column":475}},{"start":{"line":8,"column":407},"end":{"line":8,"column":475}}],"line":8},"3":{"loc":{"start":{"line":8,"column":476},"end":{"line":8,"column":536}},"type":"if","locations":[{"start":{"line":8,"column":476},"end":{"line":8,"column":536}},{"start":{"line":8,"column":476},"end":{"line":8,"column":536}}],"line":8},"4":{"loc":{"start":{"line":18,"column":46},"end":{"line":18,"column":92}},"type":"cond-expr","locations":[{"start":{"line":18,"column":70},"end":{"line":18,"column":73}},{"start":{"line":18,"column":76},"end":{"line":18,"column":92}}],"line":18},"5":{"loc":{"start":{"line":18,"column":46},"end":{"line":18,"column":67}},"type":"binary-expr","locations":[{"start":{"line":18,"column":46},"end":{"line":18,"column":49}},{"start":{"line":18,"column":53},"end":{"line":18,"column":67}}],"line":18},"6":{"loc":{"start":{"line":20,"column":50},"end":{"line":20,"column":151}},"type":"if","locations":[{"start":{"line":20,"column":50},"end":{"line":20,"column":151}},{"start":{"line":20,"column":50},"end":{"line":20,"column":151}}],"line":20},"7":{"loc":{"start":{"line":22,"column":50},"end":{"line":22,"column":151}},"type":"if","locations":[{"start":{"line":22,"column":50},"end":{"line":22,"column":151}},{"start":{"line":22,"column":50},"end":{"line":22,"column":151}}],"line":22},"8":{"loc":{"start":{"line":22,"column":159},"end":{"line":22,"column":237}},"type":"cond-expr","locations":[{"start":{"line":22,"column":226},"end":{"line":22,"column":230}},{"start":{"line":22,"column":233},"end":{"line":22,"column":237}}],"line":22},"9":{"loc":{"start":{"line":22,"column":159},"end":{"line":22,"column":223}},"type":"binary-expr","locations":[{"start":{"line":22,"column":159},"end":{"line":22,"column":163}},{"start":{"line":22,"column":168},"end":{"line":22,"column":192}},{"start":{"line":22,"column":196},"end":{"line":22,"column":222}}],"line":22},"10":{"loc":{"start":{"line":24,"column":43},"end":{"line":24,"column":208}},"type":"if","locations":[{"start":{"line":24,"column":43},"end":{"line":24,"column":208}},{"start":{"line":24,"column":43},"end":{"line":24,"column":208}}],"line":24},"11":{"loc":{"start":{"line":24,"column":47},"end":{"line":24,"column":102}},"type":"binary-expr","locations":[{"start":{"line":24,"column":47},"end":{"line":24,"column":79}},{"start":{"line":24,"column":83},"end":{"line":24,"column":102}}],"line":24},"12":{"loc":{"start":{"line":24,"column":244},"end":{"line":24,"column":278}},"type":"binary-expr","locations":[{"start":{"line":24,"column":244},"end":{"line":24,"column":254}},{"start":{"line":24,"column":258},"end":{"line":24,"column":278}}],"line":24},"13":{"loc":{"start":{"line":24,"column":374},"end":{"line":24,"column":492}},"type":"if","locations":[{"start":{"line":24,"column":374},"end":{"line":24,"column":492}},{"start":{"line":24,"column":374},"end":{"line":24,"column":492}}],"line":24},"14":{"loc":{"start":{"line":24,"column":390},"end":{"line":24,"column":491}},"type":"cond-expr","locations":[{"start":{"line":24,"column":414},"end":{"line":24,"column":457}},{"start":{"line":24,"column":460},"end":{"line":24,"column":491}}],"line":24},"15":{"loc":{"start":{"line":32,"column":49},"end":{"line":32,"column":104}},"type":"binary-expr","locations":[{"start":{"line":32,"column":49},"end":{"line":32,"column":68}},{"start":{"line":32,"column":72},"end":{"line":32,"column":104}}],"line":32}},"s":{"0":1,"1":1,"2":1,"3":1,"4":1,"5":1,"6":1,"7":1,"8":1,"9":1,"10":1,"11":1,"12":1,"13":1,"14":0,"15":1,"16":1,"17":1,"18":1,"19":1,"20":2,"21":0,"22":0,"23":0,"24":0,"25":0,"26":1,"27":0,"28":1,"29":1,"30":1,"31":1,"32":1,"33":0,"34":0,"35":1,"36":0,"37":1,"38":1,"39":1},"f":{"0":1,"1":1,"2":1,"3":2,"4":0,"5":0,"6":1,"7":1,"8":0,"9":0},"b":{"0":[1,1],"1":[1,0],"2":[1,0],"3":[0,1],"4":[0,2],"5":[2,2],"6":[0,0],"7":[0,0],"8":[0,0],"9":[0,0,0],"10":[0,1],"11":[1,0],"12":[1,1],"13":[1,0],"14":[1,0],"15":[0,0]},"_coverageSchema":"332fd63041d2c1bcb487cc26dd0d5f7d97098a6c","hash":"9be64ce93d8d4869ed97b6a5ee3ceb71d5d2c93c","contentHash":"b4e3c6cd42f28101716d17af3b55662e_11.7.1"},"/Users/samjunior/CODE/REACT/bright-events-reactjs/src/test/components/LoginForm.tests.js":{"path":"/Users/samjunior/CODE/REACT/bright-events-reactjs/src/test/components/LoginForm.tests.js","statementMap":{"0":{"start":{"line":3,"column":19},"end":{"line":3,"column":109}},"1":{"start":{"line":5,"column":14},"end":{"line":5,"column":31}},"2":{"start":{"line":7,"column":14},"end":{"line":7,"column":31}},"3":{"start":{"line":9,"column":15},"end":{"line":9,"column":46}},"4":{"start":{"line":11,"column":17},"end":{"line":11,"column":59}},"5":{"start":{"line":13,"column":18},"end":{"line":13,"column":52}},"6":{"start":{"line":15,"column":13},"end":{"line":15,"column":29}},"7":{"start":{"line":17,"column":14},"end":{"line":17,"column":44}},"8":{"start":{"line":19,"column":20},"end":{"line":19,"column":44}},"9":{"start":{"line":21,"column":21},"end":{"line":21,"column":58}},"10":{"start":{"line":23,"column":13},"end":{"line":23,"column":42}},"11":{"start":{"line":25,"column":14},"end":{"line":25,"column":44}},"12":{"start":{"line":27,"column":14},"end":{"line":27,"column":60}},"13":{"start":{"line":29,"column":14},"end":{"line":29,"column":45}},"14":{"start":{"line":31,"column":39},"end":{"line":31,"column":93}},"15":{"start":{"line":33,"column":0},"end":{"line":33,"column":55}},"16":{"start":{"line":34,"column":0},"end":{"line":34,"column":62}},"17":{"start":{"line":37,"column":16},"end":{"line":37,"column":89}},"18":{"start":{"line":38,"column":17},"end":{"line":38,"column":90}},"19":{"start":{"line":40,"column":14},"end":{"line":50,"column":3}},"20":{"start":{"line":44,"column":8},"end":{"line":44,"column":52}},"21":{"start":{"line":48,"column":6},"end":{"line":48,"column":22}},"22":{"start":{"line":51,"column":2},"end":{"line":57,"column":7}},"23":{"start":{"line":60,"column":0},"end":{"line":67,"column":3}},"24":{"start":{"line":61,"column":2},"end":{"line":66,"column":5}},"25":{"start":{"line":62,"column":18},"end":{"line":62,"column":37}},"26":{"start":{"line":63,"column":4},"end":{"line":63,"column":100}},"27":{"start":{"line":64,"column":4},"end":{"line":64,"column":87}},"28":{"start":{"line":65,"column":4},"end":{"line":65,"column":63}}},"fnMap":{"0":{"name":"_interopRequireDefault","decl":{"start":{"line":31,"column":9},"end":{"line":31,"column":31}},"loc":{"start":{"line":31,"column":37},"end":{"line":31,"column":95}},"line":31},"1":{"name":"setup","decl":{"start":{"line":36,"column":9},"end":{"line":36,"column":14}},"loc":{"start":{"line":36,"column":17},"end":{"line":58,"column":1}},"line":36},"2":{"name":"push","decl":{"start":{"line":43,"column":30},"end":{"line":43,"column":34}},"loc":{"start":{"line":43,"column":41},"end":{"line":45,"column":7}},"line":43},"3":{"name":"isLoggedIn","decl":{"start":{"line":47,"column":25},"end":{"line":47,"column":35}},"loc":{"start":{"line":47,"column":38},"end":{"line":49,"column":5}},"line":47},"4":{"name":"(anonymous_4)","decl":{"start":{"line":60,"column":34},"end":{"line":60,"column":35}},"loc":{"start":{"line":60,"column":46},"end":{"line":67,"column":1}},"line":60},"5":{"name":"(anonymous_5)","decl":{"start":{"line":61,"column":64},"end":{"line":61,"column":65}},"loc":{"start":{"line":61,"column":76},"end":{"line":66,"column":3}},"line":61}},"branchMap":{"0":{"loc":{"start":{"line":31,"column":46},"end":{"line":31,"column":92}},"type":"cond-expr","locations":[{"start":{"line":31,"column":70},"end":{"line":31,"column":73}},{"start":{"line":31,"column":76},"end":{"line":31,"column":92}}],"line":31},"1":{"loc":{"start":{"line":31,"column":46},"end":{"line":31,"column":67}},"type":"binary-expr","locations":[{"start":{"line":31,"column":46},"end":{"line":31,"column":49}},{"start":{"line":31,"column":53},"end":{"line":31,"column":67}}],"line":31},"2":{"loc":{"start":{"line":37,"column":16},"end":{"line":37,"column":89}},"type":"cond-expr","locations":[{"start":{"line":37,"column":69},"end":{"line":37,"column":81}},{"start":{"line":37,"column":84},"end":{"line":37,"column":89}}],"line":37},"3":{"loc":{"start":{"line":37,"column":16},"end":{"line":37,"column":66}},"type":"binary-expr","locations":[{"start":{"line":37,"column":16},"end":{"line":37,"column":36}},{"start":{"line":37,"column":40},"end":{"line":37,"column":66}}],"line":37},"4":{"loc":{"start":{"line":38,"column":17},"end":{"line":38,"column":90}},"type":"cond-expr","locations":[{"start":{"line":38,"column":70},"end":{"line":38,"column":82}},{"start":{"line":38,"column":85},"end":{"line":38,"column":90}}],"line":38},"5":{"loc":{"start":{"line":38,"column":17},"end":{"line":38,"column":67}},"type":"binary-expr","locations":[{"start":{"line":38,"column":17},"end":{"line":38,"column":37}},{"start":{"line":38,"column":41},"end":{"line":38,"column":67}}],"line":38}},"s":{"0":1,"1":1,"2":1,"3":1,"4":1,"5":1,"6":1,"7":1,"8":1,"9":1,"10":1,"11":1,"12":1,"13":1,"14":6,"15":1,"16":1,"17":1,"18":1,"19":1,"20":0,"21":1,"22":1,"23":1,"24":1,"25":1,"26":1,"27":1,"28":1},"f":{"0":6,"1":1,"2":0,"3":1,"4":1,"5":1},"b":{"0":[1,5],"1":[6,6],"2":[1,0],"3":[1,1],"4":[1,0],"5":[1,1]},"_coverageSchema":"332fd63041d2c1bcb487cc26dd0d5f7d97098a6c","hash":"1a87ccc699942980dd78250bf23c0fecc92c6cee","contentHash":"456384b0dfabab409c695898d13aed22_11.7.1"},"/Users/samjunior/CODE/REACT/bright-events-reactjs/src/test/components/NotFound.tests.js":{"path":"/Users/samjunior/CODE/REACT/bright-events-reactjs/src/test/components/NotFound.tests.js","statementMap":{"0":{"start":{"line":3,"column":19},"end":{"line":3,"column":108}},"1":{"start":{"line":5,"column":13},"end":{"line":5,"column":29}},"2":{"start":{"line":7,"column":14},"end":{"line":7,"column":44}},"3":{"start":{"line":9,"column":14},"end":{"line":9,"column":31}},"4":{"start":{"line":11,"column":15},"end":{"line":11,"column":46}},"5":{"start":{"line":13,"column":14},"end":{"line":13,"column":31}},"6":{"start":{"line":15,"column":16},"end":{"line":15,"column":74}},"7":{"start":{"line":17,"column":17},"end":{"line":17,"column":50}},"8":{"start":{"line":19,"column":18},"end":{"line":19,"column":40}},"9":{"start":{"line":21,"column":39},"end":{"line":21,"column":93}},"10":{"start":{"line":23,"column":0},"end":{"line":34,"column":3}},"11":{"start":{"line":24,"column":16},"end":{"line":30,"column":5}},"12":{"start":{"line":31,"column":2},"end":{"line":33,"column":5}},"13":{"start":{"line":32,"column":4},"end":{"line":32,"column":50}}},"fnMap":{"0":{"name":"_interopRequireDefault","decl":{"start":{"line":21,"column":9},"end":{"line":21,"column":31}},"loc":{"start":{"line":21,"column":37},"end":{"line":21,"column":95}},"line":21},"1":{"name":"(anonymous_1)","decl":{"start":{"line":23,"column":39},"end":{"line":23,"column":40}},"loc":{"start":{"line":23,"column":51},"end":{"line":34,"column":1}},"line":23},"2":{"name":"(anonymous_2)","decl":{"start":{"line":31,"column":48},"end":{"line":31,"column":49}},"loc":{"start":{"line":31,"column":60},"end":{"line":33,"column":3}},"line":31}},"branchMap":{"0":{"loc":{"start":{"line":21,"column":46},"end":{"line":21,"column":92}},"type":"cond-expr","locations":[{"start":{"line":21,"column":70},"end":{"line":21,"column":73}},{"start":{"line":21,"column":76},"end":{"line":21,"column":92}}],"line":21},"1":{"loc":{"start":{"line":21,"column":46},"end":{"line":21,"column":67}},"type":"binary-expr","locations":[{"start":{"line":21,"column":46},"end":{"line":21,"column":49}},{"start":{"line":21,"column":53},"end":{"line":21,"column":67}}],"line":21}},"s":{"0":1,"1":1,"2":1,"3":1,"4":1,"5":1,"6":1,"7":1,"8":1,"9":3,"10":1,"11":1,"12":1,"13":1},"f":{"0":3,"1":1,"2":1},"b":{"0":[1,2],"1":[3,3]},"_coverageSchema":"332fd63041d2c1bcb487cc26dd0d5f7d97098a6c","hash":"712bf09f2c5259efb0f3ae85853383d43acfc943","contentHash":"3f6bd77f1ce6141b8d31d20b4c6c997b_11.7.1"}}